\BOOKMARK [1][-]{section.1}{\376\377\0001\000.\000\040\000I\000n\000t\000r\000o\000d\000u\000c\000t\000i\000o\000n}{}% 1
\BOOKMARK [1][-]{section.2}{\376\377\0002\000.\000\040\000C\000o\000n\000t\000i\000n\000u\000o\000u\000s\000\040\000m\000a\000p\000s}{}% 2
\BOOKMARK [1][-]{section.3}{\376\377\0003\000.\000\040\000S\000m\000o\000o\000t\000h\000\040\000M\000a\000n\000i\000f\000o\000l\000d\000s}{}% 3
\BOOKMARK [1][-]{section.4}{\376\377\0004\000.\000\040\000S\000m\000o\000o\000t\000h\000\040\000M\000a\000p\000s}{}% 4
\BOOKMARK [2][-]{subsection.4.1}{\376\377\0004\000.\0001\000.\000\040\000A\000\040\000c\000o\000u\000p\000l\000e\000\040\000o\000f\000\040\000n\000i\000c\000e\000\040\000f\000o\000r\000m\000u\000l\000a}{section.4}% 5
\BOOKMARK [1][-]{section.5}{\376\377\0005\000.\000\040\000T\000r\000a\000n\000s\000v\000e\000r\000s\000a\000l\000i\000t\000y\000\040\000a\000n\000d\000\040\000F\000u\000n\000c\000t\000i\000o\000n\000\040\000S\000p\000a\000c\000e\000s}{}% 6
\BOOKMARK [2][-]{subsection.5.1}{\376\377\0005\000.\0001\000.\000\040\000J\000e\000t\000\040\000B\000u\000n\000d\000l\000e\000s}{section.5}% 7
\BOOKMARK [2][-]{subsection.5.2}{\376\377\0005\000.\0002\000.\000\040\000T\000h\000e\000\040\000W\000h\000i\000t\000n\000e\000y\000\040\000C\000\040\000t\000o\000p\000o\000l\000o\000g\000y\000\040\000\050\000c\000o\000m\000p\000a\000c\000t\000-\000o\000p\000e\000n\000\040\000t\000o\000p\000o\000l\000o\000g\000y\000\051}{section.5}% 8
\BOOKMARK [2][-]{subsection.5.3}{\376\377\0005\000.\0003\000.\000\040\000T\000r\000a\000n\000s\000v\000e\000r\000s\000a\000l\000i\000t\000y}{section.5}% 9
\BOOKMARK [2][-]{subsection.5.4}{\376\377\0005\000.\0004\000.\000\040\000T\000h\000e\000\040\000W\000h\000i\000t\000n\000e\000y\000\040\000E\000m\000b\000e\000d\000d\000i\000n\000g\000\040\000T\000h\000e\000o\000r\000e\000m}{section.5}% 10
\BOOKMARK [1][-]{section.6}{\376\377\0006\000.\000\040\000B\000u\000n\000d\000l\000e\000s}{}% 11
\BOOKMARK [2][-]{subsection.6.1}{\376\377\0006\000.\0001\000.\000\040\000F\000i\000b\000r\000e\000\040\000B\000u\000n\000d\000l\000e\000\040\000T\000h\000e\000o\000r\000y}{section.6}% 12
\BOOKMARK [2][-]{subsection.6.2}{\376\377\0006\000.\0002\000.\000\040\000A\000\040\000B\000u\000n\000d\000l\000e\000\040\000T\000h\000e\000o\000r\000y}{section.6}% 13
\BOOKMARK [2][-]{subsection.6.3}{\376\377\0006\000.\0003\000.\000\040\000P\000r\000i\000n\000c\000i\000p\000a\000l\000\040\000G\000-\000b\000u\000n\000d\000l\000e\000s}{section.6}% 14
\BOOKMARK [2][-]{subsection.6.4}{\376\377\0006\000.\0004\000.\000\040\000V\000e\000c\000t\000o\000r\000\040\000B\000u\000n\000d\000l\000e\000s}{section.6}% 15
\BOOKMARK [2][-]{subsection.6.5}{\376\377\0006\000.\0005\000.\000\040\000F\000r\000a\000m\000e\000s}{section.6}% 16
\BOOKMARK [2][-]{subsection.6.6}{\376\377\0006\000.\0006\000.\000\040\000G\000l\000u\000i\000n\000g\000\040\000v\000e\000c\000t\000o\000r\000\040\000b\000u\000n\000d\000l\000e\000s}{section.6}% 17
\BOOKMARK [2][-]{subsection.6.7}{\376\377\0006\000.\0007\000.\000\040\000R\000i\000e\000m\000a\000n\000n\000i\000a\000n\000\040\000m\000e\000t\000r\000i\000c\000s}{section.6}% 18
\BOOKMARK [2][-]{subsection.6.8}{\376\377\0006\000.\0008\000.\000\040\000E\000x\000a\000m\000p\000l\000e\000s\000\040\000o\000f\000\040\000V\000e\000c\000t\000o\000r\000\040\000B\000u\000n\000d\000l\000e\000s}{section.6}% 19
\BOOKMARK [1][-]{section.7}{\376\377\0007\000.\000\040\000M\000o\000r\000s\000e\000\040\000T\000h\000e\000o\000r\000y}{}% 20
\BOOKMARK [2][-]{subsection.7.1}{\376\377\0007\000.\0001\000.\000\040\000D\000e\000f\000i\000n\000i\000t\000i\000o\000n\000s\000\040\000a\000n\000d\000\040\000L\000e\000m\000m\000a\000s}{section.7}% 21
\BOOKMARK [2][-]{subsection.7.2}{\376\377\0007\000.\0002\000.\000\040\000H\000o\000m\000o\000t\000o\000p\000y\000\040\000T\000y\000p\000e\000\040\000i\000n\000\040\000T\000e\000r\000m\000s\000\040\000o\000f\000\040\000C\000r\000i\000t\000i\000c\000a\000l\000\040\000V\000a\000l\000u\000e\000s}{section.7}% 22
\BOOKMARK [2][-]{subsection.7.3}{\376\377\0007\000.\0003\000.\000\040\000T\000h\000e\000\040\000C\000o\000b\000o\000r\000d\000i\000s\000m\000\040\000C\000a\000t\000e\000g\000o\000r\000y}{section.7}% 23
\BOOKMARK [2][-]{subsection.7.4}{\376\377\0007\000.\0004\000.\000\040\000E\000l\000e\000m\000e\000n\000t\000a\000r\000y\000\040\000C\000o\000b\000o\000r\000d\000i\000s\000m\000s}{section.7}% 24
\BOOKMARK [2][-]{subsection.7.5}{\376\377\0007\000.\0005\000.\000\040\000M\000o\000r\000s\000e\000\040\000F\000u\000n\000c\000t\000i\000o\000n\000s}{section.7}% 25
\BOOKMARK [2][-]{subsection.7.6}{\376\377\0007\000.\0006\000.\000\040\000h\000-\000c\000o\000b\000o\000r\000d\000i\000s\000m}{section.7}% 26
\BOOKMARK [1][-]{appendix.A}{\376\377\000A\000p\000p\000e\000n\000d\000i\000x\000\040\000A\000.\000\040\000A\000n\000a\000l\000y\000s\000i\000s}{}% 27
\BOOKMARK [1][-]{appendix.B}{\376\377\000A\000p\000p\000e\000n\000d\000i\000x\000\040\000B\000.\000\040\000H\000o\000m\000o\000t\000o\000p\000y\000\040\000T\000h\000e\000o\000r\000y}{}% 28
\BOOKMARK [1][-]{appendix.C}{\376\377\000A\000p\000p\000e\000n\000d\000i\000x\000\040\000C\000.\000\040\000R\000a\000n\000d\000o\000m\000\040\000S\000t\000u\000f\000f}{}% 29
\BOOKMARK [1][-]{section*.12}{\376\377\000R\000e\000f\000e\000r\000e\000n\000c\000e\000s}{}% 30
