This is pdfTeX, Version 3.141592653-2.6-1.40.25 (TeX Live 2023/Debian) (preloaded format=pdflatex 2024.6.25)  13 JAN 2025 18:59
entering extended mode
 restricted \write18 enabled.
 file:line:error style messages enabled.
 %&-line parsing enabled.
**mcg-notes-2.tex
(./mcg-notes-2.tex
LaTeX2e <2023-11-01> patch level 1
L3 programming layer <2024-01-22>
(/usr/share/texlive/texmf-dist/tex/latex/amscls/amsart.cls
Document Class: amsart 2020/05/29 v2.20.6
\linespacing=\dimen140
\normalparindent=\dimen141
\normaltopskip=\skip48
(/usr/share/texlive/texmf-dist/tex/latex/amsmath/amsmath.sty
Package: amsmath 2023/05/13 v2.17o AMS math features
\@mathmargin=\skip49

For additional information on amsmath, use the `?' option.
(/usr/share/texlive/texmf-dist/tex/latex/amsmath/amstext.sty
Package: amstext 2021/08/26 v2.01 AMS text
 (/usr/share/texlive/texmf-dist/tex/latex/amsmath/amsgen.sty
File: amsgen.sty 1999/11/30 v2.0 generic functions
\@emptytoks=\toks17
\ex@=\dimen142
)) (/usr/share/texlive/texmf-dist/tex/latex/amsmath/amsbsy.sty
Package: amsbsy 1999/11/29 v1.2d Bold Symbols
\pmbraise@=\dimen143
) (/usr/share/texlive/texmf-dist/tex/latex/amsmath/amsopn.sty
Package: amsopn 2022/04/08 v2.04 operator names
)
\inf@bad=\count187
LaTeX Info: Redefining \frac on input line 234.
\uproot@=\count188
\leftroot@=\count189
LaTeX Info: Redefining \overline on input line 399.
LaTeX Info: Redefining \colon on input line 410.
\classnum@=\count190
\DOTSCASE@=\count191
LaTeX Info: Redefining \ldots on input line 496.
LaTeX Info: Redefining \dots on input line 499.
LaTeX Info: Redefining \cdots on input line 620.
\Mathstrutbox@=\box51
\strutbox@=\box52
LaTeX Info: Redefining \big on input line 722.
LaTeX Info: Redefining \Big on input line 723.
LaTeX Info: Redefining \bigg on input line 724.
LaTeX Info: Redefining \Bigg on input line 725.
\big@size=\dimen144
LaTeX Font Info:    Redeclaring font encoding OML on input line 743.
LaTeX Font Info:    Redeclaring font encoding OMS on input line 744.
\macc@depth=\count192
LaTeX Info: Redefining \bmod on input line 905.
LaTeX Info: Redefining \pmod on input line 910.
LaTeX Info: Redefining \smash on input line 940.
LaTeX Info: Redefining \relbar on input line 970.
LaTeX Info: Redefining \Relbar on input line 971.
\c@MaxMatrixCols=\count193
\dotsspace@=\muskip16
\c@parentequation=\count194
\dspbrk@lvl=\count195
\tag@help=\toks18
\row@=\count196
\column@=\count197
\maxfields@=\count198
\andhelp@=\toks19
\eqnshift@=\dimen145
\alignsep@=\dimen146
\tagshift@=\dimen147
\tagwidth@=\dimen148
\totwidth@=\dimen149
\lineht@=\dimen150
\@envbody=\toks20
\multlinegap=\skip50
\multlinetaggap=\skip51
\mathdisplay@stack=\toks21
LaTeX Info: Redefining \[ on input line 2953.
LaTeX Info: Redefining \] on input line 2954.
)
LaTeX Font Info:    Trying to load font information for U+msa on input line 397.
 (/usr/share/texlive/texmf-dist/tex/latex/amsfonts/umsa.fd
File: umsa.fd 2013/01/14 v3.01 AMS symbols A
) (/usr/share/texlive/texmf-dist/tex/latex/amsfonts/amsfonts.sty
Package: amsfonts 2013/01/14 v3.01 Basic AMSFonts support
\symAMSa=\mathgroup4
\symAMSb=\mathgroup5
LaTeX Font Info:    Redeclaring math symbol \hbar on input line 98.
LaTeX Font Info:    Overwriting math alphabet `\mathfrak' in version `bold'
(Font)                  U/euf/m/n --> U/euf/b/n on input line 106.
)
\copyins=\insert199
\abstractbox=\box53
\listisep=\skip52
\c@part=\count266
\c@section=\count267
\c@subsection=\count268
\c@subsubsection=\count269
\c@paragraph=\count270
\c@subparagraph=\count271
\c@figure=\count272
\c@table=\count273
\abovecaptionskip=\skip53
\belowcaptionskip=\skip54
\captionindent=\dimen151
\thm@style=\toks22
\thm@bodyfont=\toks23
\thm@headfont=\toks24
\thm@notefont=\toks25
\thm@headpunct=\toks26
\thm@preskip=\skip55
\thm@postskip=\skip56
\thm@headsep=\skip57
\dth@everypar=\toks27
) (/usr/share/texlive/texmf-dist/tex/latex/amsmath/amscd.sty
Package: amscd 2017/04/14 v2.1 AMS Commutative Diagrams
\athelp@=\toks28
\minaw@=\dimen152
\bigaw@=\dimen153
\minCDarrowwidth=\dimen154
) (/usr/share/texlive/texmf-dist/tex/latex/amsfonts/amssymb.sty
Package: amssymb 2013/01/14 v3.01 AMS font symbols
) (/usr/share/texlive/texmf-dist/tex/generic/mathabx/mathabx.sty
Package: mathabx 2003/07/29 v0.0 Non-standard LaTeX package mathabx
\symmatha=\mathgroup6
\symmathb=\mathgroup7
\symmathx=\mathgroup8
 (/usr/share/texlive/texmf-dist/tex/generic/mathabx/mathabx.dcl
LaTeX Font Info:    Redeclaring math symbol \cdotp on input line 25.
LaTeX Font Info:    Redeclaring math symbol \times on input line 33.
LaTeX Font Info:    Redeclaring math symbol \div on input line 34.
LaTeX Font Info:    Redeclaring math symbol \cdot on input line 35.
LaTeX Font Info:    Redeclaring math symbol \circ on input line 36.
LaTeX Font Info:    Redeclaring math symbol \ast on input line 38.
LaTeX Font Info:    Redeclaring math symbol \pm on input line 41.
LaTeX Font Info:    Redeclaring math symbol \mp on input line 42.
LaTeX Font Info:    Redeclaring math symbol \ltimes on input line 43.
LaTeX Font Info:    Redeclaring math symbol \rtimes on input line 44.
LaTeX Font Info:    Redeclaring math symbol \diamond on input line 45.
LaTeX Font Info:    Redeclaring math symbol \bullet on input line 46.
LaTeX Font Info:    Redeclaring math symbol \star on input line 47.
LaTeX Font Info:    Redeclaring math symbol \amalg on input line 51.
LaTeX Font Info:    Redeclaring math symbol \dotplus on input line 58.
LaTeX Font Info:    Redeclaring math symbol \square on input line 63.
LaTeX Font Info:    Redeclaring math symbol \divideontimes on input line 71.
LaTeX Font Info:    Redeclaring math symbol \bigstar on input line 75.
LaTeX Font Info:    Redeclaring math symbol \equiv on input line 83.
LaTeX Font Info:    Redeclaring math symbol \sim on input line 84.
LaTeX Font Info:    Redeclaring math symbol \approx on input line 85.
LaTeX Font Info:    Redeclaring math symbol \simeq on input line 86.
LaTeX Font Info:    Redeclaring math symbol \asymp on input line 89.
LaTeX Font Info:    Redeclaring math symbol \nsim on input line 97.
LaTeX Font Info:    Redeclaring math symbol \ncong on input line 100.
LaTeX Font Info:    Redeclaring math symbol \risingdotseq on input line 118.
LaTeX Font Info:    Redeclaring math symbol \fallingdotseq on input line 119.
LaTeX Font Info:    Redeclaring math symbol \circeq on input line 125.
LaTeX Font Info:    Redeclaring math symbol \eqcirc on input line 126.
LaTeX Font Info:    Redeclaring math symbol \triangleq on input line 127.
LaTeX Font Info:    Redeclaring math symbol \neg on input line 134.
LaTeX Font Info:    Redeclaring math symbol \ll on input line 136.
LaTeX Font Info:    Redeclaring math symbol \gg on input line 137.
LaTeX Font Info:    Redeclaring math symbol \vdash on input line 139.
LaTeX Font Info:    Redeclaring math symbol \dashv on input line 140.
LaTeX Font Info:    Redeclaring math symbol \nvdash on input line 141.
LaTeX Font Info:    Redeclaring math symbol \vDash on input line 143.
LaTeX Font Info:    Redeclaring math symbol \nvDash on input line 145.
LaTeX Font Info:    Redeclaring math symbol \Vdash on input line 147.
LaTeX Font Info:    Redeclaring math symbol \nVdash on input line 149.
LaTeX Font Info:    Redeclaring math symbol \flat on input line 158.
LaTeX Font Info:    Redeclaring math symbol \natural on input line 159.
LaTeX Font Info:    Redeclaring math symbol \sharp on input line 160.
LaTeX Font Info:    Redeclaring math symbol \infty on input line 161.
LaTeX Font Info:    Redeclaring math symbol \propto on input line 162.
LaTeX Font Info:    Redeclaring math symbol \dagger on input line 163.
LaTeX Font Info:    Redeclaring math symbol \ddagger on input line 164.
LaTeX Font Info:    Redeclaring math symbol \between on input line 170.
LaTeX Font Info:    Redeclaring math symbol \smile on input line 171.
LaTeX Font Info:    Redeclaring math symbol \frown on input line 172.
LaTeX Font Info:    Redeclaring math symbol \leftthreetimes on input line 174.
LaTeX Font Info:    Redeclaring math symbol \rightthreetimes on input line 175.
LaTeX Font Info:    Redeclaring math symbol \pitchfork on input line 176.
LaTeX Font Info:    Redeclaring math symbol \nVDash on input line 182.
LaTeX Font Info:    Redeclaring math symbol \Vvdash on input line 184.
LaTeX Font Info:    Redeclaring math symbol \therefore on input line 189.
LaTeX Font Info:    Redeclaring math symbol \because on input line 190.
LaTeX Font Info:    Redeclaring math accent \dot on input line 193.
LaTeX Font Info:    Redeclaring math accent \ddot on input line 195.
LaTeX Font Info:    Redeclaring math symbol \measuredangle on input line 202.
LaTeX Font Info:    Redeclaring math symbol \sphericalangle on input line 203.
LaTeX Font Info:    Redeclaring math symbol \setminus on input line 218.
LaTeX Font Info:    Redeclaring math symbol \mid on input line 222.
LaTeX Font Info:    Redeclaring math symbol \forall on input line 279.
LaTeX Font Info:    Redeclaring math symbol \complement on input line 280.
LaTeX Font Info:    Redeclaring math symbol \partial on input line 281.
LaTeX Font Info:    Redeclaring math symbol \exists on input line 284.
LaTeX Font Info:    Redeclaring math symbol \nexists on input line 285.
LaTeX Font Info:    Redeclaring math symbol \Finv on input line 286.
LaTeX Font Info:    Redeclaring math symbol \Game on input line 287.
LaTeX Font Info:    Redeclaring math symbol \emptyset on input line 288.
LaTeX Font Info:    Redeclaring math symbol \top on input line 290.
LaTeX Font Info:    Redeclaring math symbol \bot on input line 291.
LaTeX Font Info:    Redeclaring math symbol \perp on input line 292.
LaTeX Font Info:    Redeclaring math symbol \curlywedge on input line 296.
LaTeX Font Info:    Redeclaring math symbol \curlyvee on input line 297.
LaTeX Font Info:    Redeclaring math symbol \in on input line 299.
LaTeX Font Info:    Redeclaring math symbol \owns on input line 300.
LaTeX Font Info:    Redeclaring math symbol \cap on input line 312.
LaTeX Font Info:    Redeclaring math symbol \cup on input line 313.
LaTeX Font Info:    Redeclaring math symbol \uplus on input line 314.
LaTeX Font Info:    Redeclaring math symbol \sqcap on input line 315.
LaTeX Font Info:    Redeclaring math symbol \sqcup on input line 316.
LaTeX Font Info:    Redeclaring math symbol \wedge on input line 318.
LaTeX Font Info:    Redeclaring math symbol \vee on input line 320.
LaTeX Font Info:    Redeclaring math symbol \barwedge on input line 327.
LaTeX Font Info:    Redeclaring math symbol \veebar on input line 328.
LaTeX Font Info:    Redeclaring math symbol \doublebarwedge on input line 329.
LaTeX Font Info:    Redeclaring math symbol \doublecap on input line 331.
LaTeX Font Info:    Redeclaring math symbol \doublecup on input line 333.
LaTeX Font Info:    Redeclaring math symbol \subset on input line 344.
LaTeX Font Info:    Redeclaring math symbol \supset on input line 345.
LaTeX Font Info:    Redeclaring math symbol \subseteq on input line 348.
LaTeX Font Info:    Redeclaring math symbol \supseteq on input line 349.
LaTeX Font Info:    Redeclaring math symbol \nsubseteq on input line 350.
LaTeX Font Info:    Redeclaring math symbol \nsupseteq on input line 351.
LaTeX Font Info:    Redeclaring math symbol \subsetneq on input line 352.
LaTeX Font Info:    Redeclaring math symbol \supsetneq on input line 353.
LaTeX Font Info:    Redeclaring math symbol \varsubsetneq on input line 354.
LaTeX Font Info:    Redeclaring math symbol \varsupsetneq on input line 355.
LaTeX Font Info:    Redeclaring math symbol \subseteqq on input line 357.
LaTeX Font Info:    Redeclaring math symbol \supseteqq on input line 358.
LaTeX Font Info:    Redeclaring math symbol \nsubseteqq on input line 359.
LaTeX Font Info:    Redeclaring math symbol \nsupseteqq on input line 360.
LaTeX Font Info:    Redeclaring math symbol \subsetneqq on input line 361.
LaTeX Font Info:    Redeclaring math symbol \supsetneqq on input line 362.
LaTeX Font Info:    Redeclaring math symbol \varsubsetneqq on input line 363.
LaTeX Font Info:    Redeclaring math symbol \varsupsetneqq on input line 364.
LaTeX Font Info:    Redeclaring math symbol \Subset on input line 366.
LaTeX Font Info:    Redeclaring math symbol \Supset on input line 367.
LaTeX Font Info:    Redeclaring math symbol \sqsubseteq on input line 380.
LaTeX Font Info:    Redeclaring math symbol \sqsupseteq on input line 381.
LaTeX Font Info:    Redeclaring math symbol \triangleleft on input line 407.
LaTeX Font Info:    Redeclaring math symbol \vartriangleleft on input line 408.
LaTeX Font Info:    Redeclaring math symbol \triangleright on input line 409.
LaTeX Font Info:    Redeclaring math symbol \vartriangleright on input line 410.
LaTeX Font Info:    Redeclaring math symbol \ntriangleleft on input line 411.
LaTeX Font Info:    Redeclaring math symbol \ntriangleright on input line 412.
LaTeX Font Info:    Redeclaring math symbol \trianglelefteq on input line 413.
LaTeX Font Info:    Redeclaring math symbol \trianglerighteq on input line 414.
LaTeX Font Info:    Redeclaring math symbol \ntrianglelefteq on input line 415.
LaTeX Font Info:    Redeclaring math symbol \ntrianglerighteq on input line 416.
LaTeX Font Info:    Redeclaring math symbol \blacktriangledown on input line 427.
LaTeX Font Info:    Redeclaring math symbol \blacktriangleleft on input line 428.
LaTeX Font Info:    Redeclaring math symbol \blacktriangleright on input line 429.
LaTeX Font Info:    Redeclaring math symbol \nless on input line 437.
LaTeX Font Info:    Redeclaring math symbol \ngtr on input line 438.
LaTeX Font Info:    Redeclaring math symbol \leq on input line 439.
LaTeX Font Info:    Redeclaring math symbol \geq on input line 441.
LaTeX Font Info:    Redeclaring math symbol \nleq on input line 443.
LaTeX Font Info:    Redeclaring math symbol \ngeq on input line 445.
LaTeX Font Info:    Redeclaring math symbol \lneq on input line 451.
LaTeX Font Info:    Redeclaring math symbol \gneq on input line 452.
LaTeX Font Info:    Redeclaring math symbol \leqq on input line 453.
LaTeX Font Info:    Redeclaring math symbol \geqq on input line 454.
LaTeX Font Info:    Redeclaring math symbol \nleqq on input line 455.
LaTeX Font Info:    Redeclaring math symbol \ngeqq on input line 456.
LaTeX Font Info:    Redeclaring math symbol \lneqq on input line 457.
LaTeX Font Info:    Redeclaring math symbol \gneqq on input line 458.
LaTeX Font Info:    Redeclaring math symbol \lvertneqq on input line 459.
LaTeX Font Info:    Redeclaring math symbol \gvertneqq on input line 460.
LaTeX Font Info:    Redeclaring math symbol \eqslantless on input line 461.
LaTeX Font Info:    Redeclaring math symbol \eqslantgtr on input line 462.
LaTeX Font Info:    Redeclaring math symbol \lessgtr on input line 465.
LaTeX Font Info:    Redeclaring math symbol \gtrless on input line 466.
LaTeX Font Info:    Redeclaring math symbol \lesseqgtr on input line 467.
LaTeX Font Info:    Redeclaring math symbol \gtreqless on input line 468.
LaTeX Font Info:    Redeclaring math symbol \lesseqqgtr on input line 469.
LaTeX Font Info:    Redeclaring math symbol \gtreqqless on input line 470.
LaTeX Font Info:    Redeclaring math symbol \lesssim on input line 472.
LaTeX Font Info:    Redeclaring math symbol \gtrsim on input line 473.
LaTeX Font Info:    Redeclaring math symbol \lnsim on input line 476.
LaTeX Font Info:    Redeclaring math symbol \gnsim on input line 477.
LaTeX Font Info:    Redeclaring math symbol \lessapprox on input line 478.
LaTeX Font Info:    Redeclaring math symbol \gtrapprox on input line 479.
LaTeX Font Info:    Redeclaring math symbol \lnapprox on input line 482.
LaTeX Font Info:    Redeclaring math symbol \gnapprox on input line 483.
LaTeX Font Info:    Redeclaring math symbol \lessdot on input line 485.
LaTeX Font Info:    Redeclaring math symbol \gtrdot on input line 486.
LaTeX Font Info:    Redeclaring math symbol \lll on input line 488.
LaTeX Font Info:    Redeclaring math symbol \ggg on input line 489.
LaTeX Font Info:    Redeclaring math symbol \prec on input line 498.
LaTeX Font Info:    Redeclaring math symbol \succ on input line 499.
LaTeX Font Info:    Redeclaring math symbol \nprec on input line 500.
LaTeX Font Info:    Redeclaring math symbol \nsucc on input line 501.
LaTeX Font Info:    Redeclaring math symbol \preccurlyeq on input line 502.
LaTeX Font Info:    Redeclaring math symbol \succcurlyeq on input line 503.
LaTeX Font Info:    Redeclaring math symbol \preceq on input line 506.
LaTeX Font Info:    Redeclaring math symbol \succeq on input line 507.
LaTeX Font Info:    Redeclaring math symbol \npreceq on input line 508.
LaTeX Font Info:    Redeclaring math symbol \nsucceq on input line 509.
LaTeX Font Info:    Redeclaring math symbol \curlyeqprec on input line 512.
LaTeX Font Info:    Redeclaring math symbol \curlyeqsucc on input line 513.
LaTeX Font Info:    Redeclaring math symbol \precsim on input line 517.
LaTeX Font Info:    Redeclaring math symbol \succsim on input line 518.
LaTeX Font Info:    Redeclaring math symbol \precnsim on input line 521.
LaTeX Font Info:    Redeclaring math symbol \succnsim on input line 522.
LaTeX Font Info:    Redeclaring math symbol \precapprox on input line 523.
LaTeX Font Info:    Redeclaring math symbol \succapprox on input line 524.
LaTeX Font Info:    Redeclaring math symbol \precnapprox on input line 527.
LaTeX Font Info:    Redeclaring math symbol \succnapprox on input line 528.
LaTeX Font Info:    Redeclaring math symbol \leftarrow on input line 540.
LaTeX Font Info:    Redeclaring math symbol \rightarrow on input line 542.
LaTeX Font Info:    Redeclaring math symbol \nwarrow on input line 546.
LaTeX Font Info:    Redeclaring math symbol \nearrow on input line 547.
LaTeX Font Info:    Redeclaring math symbol \swarrow on input line 548.
LaTeX Font Info:    Redeclaring math symbol \searrow on input line 549.
LaTeX Font Info:    Redeclaring math symbol \leftrightarrow on input line 550.
LaTeX Font Info:    Redeclaring math symbol \nleftarrow on input line 552.
LaTeX Font Info:    Redeclaring math symbol \nrightarrow on input line 553.
LaTeX Font Info:    Redeclaring math symbol \nleftrightarrow on input line 554.
LaTeX Font Info:    Redeclaring math symbol \mapstochar on input line 557.
LaTeX Font Info:    Redeclaring math symbol \leftharpoonup on input line 560.
LaTeX Font Info:    Redeclaring math symbol \rightharpoonup on input line 561.
LaTeX Font Info:    Redeclaring math symbol \leftharpoondown on input line 562.
LaTeX Font Info:    Redeclaring math symbol \rightharpoondown on input line 563.
LaTeX Font Info:    Redeclaring math symbol \upharpoonleft on input line 564.
LaTeX Font Info:    Redeclaring math symbol \downharpoonleft on input line 565.
LaTeX Font Info:    Redeclaring math symbol \upharpoonright on input line 566.
LaTeX Font Info:    Redeclaring math symbol \restriction on input line 567.
LaTeX Font Info:    Redeclaring math symbol \downharpoonright on input line 568.
LaTeX Font Info:    Redeclaring math symbol \leftrightharpoons on input line 569.
LaTeX Font Info:    Redeclaring math symbol \Leftarrow on input line 575.
LaTeX Font Info:    Redeclaring math symbol \Rightarrow on input line 576.
LaTeX Font Info:    Redeclaring math symbol \Leftrightarrow on input line 579.
LaTeX Font Info:    Redeclaring math symbol \nLeftarrow on input line 581.
LaTeX Font Info:    Redeclaring math symbol \nRightarrow on input line 582.
LaTeX Font Info:    Redeclaring math symbol \nLeftrightarrow on input line 583.
LaTeX Font Info:    Redeclaring math symbol \leftleftarrows on input line 593.
LaTeX Font Info:    Redeclaring math symbol \rightrightarrows on input line 594.
LaTeX Font Info:    Redeclaring math symbol \upuparrows on input line 595.
LaTeX Font Info:    Redeclaring math symbol \downdownarrows on input line 596.
LaTeX Font Info:    Redeclaring math symbol \leftrightarrows on input line 597.
LaTeX Font Info:    Redeclaring math symbol \rightleftarrows on input line 598.
LaTeX Font Info:    Redeclaring math symbol \rhook on input line 612.
LaTeX Font Info:    Redeclaring math symbol \lhook on input line 613.
LaTeX Font Info:    Redeclaring math symbol \diagup on input line 614.
LaTeX Font Info:    Redeclaring math symbol \diagdown on input line 615.
LaTeX Font Info:    Redeclaring math symbol \Lsh on input line 617.
LaTeX Font Info:    Redeclaring math symbol \Rsh on input line 619.
LaTeX Font Info:    Redeclaring math symbol \looparrowleft on input line 624.
LaTeX Font Info:    Redeclaring math symbol \looparrowright on input line 626.
LaTeX Font Info:    Redeclaring math symbol \curvearrowleft on input line 631.
LaTeX Font Info:    Redeclaring math symbol \curvearrowright on input line 633.
LaTeX Font Info:    Redeclaring math symbol \circlearrowleft on input line 641.
LaTeX Font Info:    Redeclaring math symbol \circlearrowright on input line 642.
LaTeX Font Info:    Redeclaring math symbol \rightsquigarrow on input line 645.
LaTeX Font Info:    Redeclaring math symbol \leftrightsquigarrow on input line 646.
LaTeX Font Info:    Redeclaring math symbol \oplus on input line 658.
LaTeX Font Info:    Redeclaring math symbol \ominus on input line 659.
LaTeX Font Info:    Redeclaring math symbol \otimes on input line 661.
LaTeX Font Info:    Redeclaring math symbol \odot on input line 663.
LaTeX Font Info:    Redeclaring math symbol \oslash on input line 675.
LaTeX Font Info:    Redeclaring math symbol \boxplus on input line 683.
LaTeX Font Info:    Redeclaring math symbol \boxminus on input line 684.
LaTeX Font Info:    Redeclaring math symbol \boxtimes on input line 686.
LaTeX Font Info:    Redeclaring math symbol \boxdot on input line 688.
\mayacnter=\count274
\mayacnta=\count275
\mayacntb=\count276
\mayacntc=\count277
\mayawidth=\dimen155
LaTeX Font Info:    Redeclaring math symbol \intop on input line 753.
LaTeX Font Info:    Redeclaring math symbol \ointop on input line 760.
LaTeX Font Info:    Redeclaring math delimiter \lbrace on input line 842.
LaTeX Info: Redefining \{ on input line 846.
LaTeX Font Info:    Redeclaring math delimiter \rbrace on input line 848.
LaTeX Info: Redefining \} on input line 852.
LaTeX Font Info:    Redeclaring math delimiter \langle on input line 858.
LaTeX Font Info:    Redeclaring math delimiter \rangle on input line 859.
LaTeX Font Info:    Redeclaring math delimiter \vert on input line 863.
LaTeX Font Info:    Redeclaring math delimiter \Vert on input line 865.
LaTeX Font Info:    Redeclaring math delimiter \uparrow on input line 868.
LaTeX Font Info:    Redeclaring math delimiter \downarrow on input line 869.
LaTeX Font Info:    Redeclaring math delimiter \updownarrow on input line 870.
LaTeX Font Info:    Redeclaring math delimiter \Uparrow on input line 871.
LaTeX Font Info:    Redeclaring math delimiter \Downarrow on input line 872.
LaTeX Font Info:    Redeclaring math delimiter \Updownarrow on input line 873.
LaTeX Font Info:    Redeclaring math delimiter \lgroup on input line 880.
LaTeX Font Info:    Redeclaring math delimiter \rgroup on input line 881.
LaTeX Font Info:    Redeclaring math delimiter \lceil on input line 882.
LaTeX Font Info:    Redeclaring math delimiter \rceil on input line 883.
LaTeX Font Info:    Redeclaring math delimiter \lfloor on input line 884.
LaTeX Font Info:    Redeclaring math delimiter \rfloor on input line 885.
LaTeX Font Info:    Redeclaring math symbol \braceld on input line 903.
LaTeX Font Info:    Redeclaring math symbol \bracerd on input line 905.
LaTeX Font Info:    Redeclaring math symbol \bracelu on input line 907.
LaTeX Font Info:    Redeclaring math symbol \braceru on input line 909.
LaTeX Font Info:    Redeclaring math accent \widehat on input line 944.
LaTeX Font Info:    Redeclaring math accent \widetilde on input line 946.
)) (/usr/share/texlive/texmf-dist/tex/latex/jknapltx/mathrsfs.sty
Package: mathrsfs 1996/01/01 Math RSFS package v1.0 (jk)
\symrsfs=\mathgroup9
) (/usr/share/texlive/texmf-dist/tex/latex/graphics/graphicx.sty
Package: graphicx 2021/09/16 v1.2d Enhanced LaTeX Graphics (DPC,SPQR)
 (/usr/share/texlive/texmf-dist/tex/latex/graphics/keyval.sty
Package: keyval 2022/05/29 v1.15 key=value parser (DPC)
\KV@toks@=\toks29
) (/usr/share/texlive/texmf-dist/tex/latex/graphics/graphics.sty
Package: graphics 2022/03/10 v1.4e Standard LaTeX Graphics (DPC,SPQR)
 (/usr/share/texlive/texmf-dist/tex/latex/graphics/trig.sty
Package: trig 2021/08/11 v1.11 sin cos tan (DPC)
) (/usr/share/texlive/texmf-dist/tex/latex/graphics-cfg/graphics.cfg
File: graphics.cfg 2016/06/04 v1.11 sample graphics configuration
)
Package graphics Info: Driver file: pdftex.def on input line 107.
 (/usr/share/texlive/texmf-dist/tex/latex/graphics-def/pdftex.def
File: pdftex.def 2022/09/22 v1.2b Graphics/color driver for pdftex
))
\Gin@req@height=\dimen156
\Gin@req@width=\dimen157
) (/usr/share/texlive/texmf-dist/tex/latex/hyperref/hyperref.sty
Package: hyperref 2024-01-20 v7.01h Hypertext links for LaTeX
 (/usr/share/texlive/texmf-dist/tex/generic/iftex/iftex.sty
Package: iftex 2022/02/03 v1.0f TeX engine tests
) (/usr/share/texlive/texmf-dist/tex/latex/kvsetkeys/kvsetkeys.sty
Package: kvsetkeys 2022-10-05 v1.19 Key value parser (HO)
) (/usr/share/texlive/texmf-dist/tex/generic/kvdefinekeys/kvdefinekeys.sty
Package: kvdefinekeys 2019-12-19 v1.6 Define keys (HO)
) (/usr/share/texlive/texmf-dist/tex/generic/pdfescape/pdfescape.sty
Package: pdfescape 2019/12/09 v1.15 Implements pdfTeX's escape features (HO)
 (/usr/share/texlive/texmf-dist/tex/generic/ltxcmds/ltxcmds.sty
Package: ltxcmds 2023-12-04 v1.26 LaTeX kernel commands for general use (HO)
) (/usr/share/texlive/texmf-dist/tex/generic/pdftexcmds/pdftexcmds.sty
Package: pdftexcmds 2020-06-27 v0.33 Utility functions of pdfTeX for LuaTeX (HO)
 (/usr/share/texlive/texmf-dist/tex/generic/infwarerr/infwarerr.sty
Package: infwarerr 2019/12/03 v1.5 Providing info/warning/error messages (HO)
)
Package pdftexcmds Info: \pdf@primitive is available.
Package pdftexcmds Info: \pdf@ifprimitive is available.
Package pdftexcmds Info: \pdfdraftmode found.
)) (/usr/share/texlive/texmf-dist/tex/latex/hycolor/hycolor.sty
Package: hycolor 2020-01-27 v1.10 Color options for hyperref/bookmark (HO)
) (/usr/share/texlive/texmf-dist/tex/latex/auxhook/auxhook.sty
Package: auxhook 2019-12-17 v1.6 Hooks for auxiliary files (HO)
) (/usr/share/texlive/texmf-dist/tex/latex/hyperref/nameref.sty
Package: nameref 2023-11-26 v2.56 Cross-referencing by name of section
 (/usr/share/texlive/texmf-dist/tex/latex/refcount/refcount.sty
Package: refcount 2019/12/15 v3.6 Data extraction from label references (HO)
) (/usr/share/texlive/texmf-dist/tex/generic/gettitlestring/gettitlestring.sty
Package: gettitlestring 2019/12/15 v1.6 Cleanup title references (HO)
 (/usr/share/texlive/texmf-dist/tex/latex/kvoptions/kvoptions.sty
Package: kvoptions 2022-06-15 v3.15 Key value format for package options (HO)
))
\c@section@level=\count278
)
(/usr/share/texlive/texmf-dist/tex/latex/etoolbox/etoolbox.sty
Package: etoolbox 2020/10/05 v2.5k e-TeX tools for LaTeX (JAW)
\etb@tempcnta=\count279
)
\@linkdim=\dimen158
\Hy@linkcounter=\count280
\Hy@pagecounter=\count281
 (/usr/share/texlive/texmf-dist/tex/latex/hyperref/pd1enc.def
File: pd1enc.def 2024-01-20 v7.01h Hyperref: PDFDocEncoding definition (HO)
Now handling font encoding PD1 ...
... no UTF-8 mapping file for font encoding PD1
) (/usr/share/texlive/texmf-dist/tex/generic/intcalc/intcalc.sty
Package: intcalc 2019/12/15 v1.3 Expandable calculations with integers (HO)
)
\Hy@SavedSpaceFactor=\count282
 (/usr/share/texlive/texmf-dist/tex/latex/hyperref/puenc.def
File: puenc.def 2024-01-20 v7.01h Hyperref: PDF Unicode definition (HO)
Now handling font encoding PU ...
... no UTF-8 mapping file for font encoding PU
)
Package hyperref Info: Option `colorlinks' set `true' on input line 4062.
Package hyperref Info: Hyper figures OFF on input line 4179.
Package hyperref Info: Link nesting OFF on input line 4184.
Package hyperref Info: Hyper index ON on input line 4187.
Package hyperref Info: Plain pages OFF on input line 4194.
Package hyperref Info: Backreferencing OFF on input line 4199.
Package hyperref Info: Implicit mode ON; LaTeX internals redefined.
Package hyperref Info: Bookmarks ON on input line 4446.
\c@Hy@tempcnt=\count283
 (/usr/share/texlive/texmf-dist/tex/latex/url/url.sty
\Urlmuskip=\muskip17
Package: url 2013/09/16  ver 3.4  Verb mode for urls, etc.
)
LaTeX Info: Redefining \url on input line 4784.
\XeTeXLinkMargin=\dimen159
 (/usr/share/texlive/texmf-dist/tex/generic/bitset/bitset.sty
Package: bitset 2019/12/09 v1.3 Handle bit-vector datatype (HO)
 (/usr/share/texlive/texmf-dist/tex/generic/bigintcalc/bigintcalc.sty
Package: bigintcalc 2019/12/15 v1.5 Expandable calculations on big integers (HO)
))
\Fld@menulength=\count284
\Field@Width=\dimen160
\Fld@charsize=\dimen161
Package hyperref Info: Hyper figures OFF on input line 6063.
Package hyperref Info: Link nesting OFF on input line 6068.
Package hyperref Info: Hyper index ON on input line 6071.
Package hyperref Info: backreferencing OFF on input line 6078.
Package hyperref Info: Link coloring ON on input line 6081.
Package hyperref Info: Link coloring with OCG OFF on input line 6088.
Package hyperref Info: PDF/A mode OFF on input line 6093.
 (/usr/share/texlive/texmf-dist/tex/latex/base/atbegshi-ltx.sty
Package: atbegshi-ltx 2021/01/10 v1.0c Emulation of the original atbegshi
package with kernel methods
)
\Hy@abspage=\count285
\c@Item=\count286
\c@Hfootnote=\count287
)
Package hyperref Info: Driver (autodetected): hpdftex.
 (/usr/share/texlive/texmf-dist/tex/latex/hyperref/hpdftex.def
File: hpdftex.def 2024-01-20 v7.01h Hyperref driver for pdfTeX
 (/usr/share/texlive/texmf-dist/tex/latex/base/atveryend-ltx.sty
Package: atveryend-ltx 2020/08/19 v1.0a Emulation of the original atveryend package
with kernel methods
)
\Fld@listcount=\count288
\c@bookmark@seq@number=\count289
 (/usr/share/texlive/texmf-dist/tex/latex/rerunfilecheck/rerunfilecheck.sty
Package: rerunfilecheck 2022-07-10 v1.10 Rerun checks for auxiliary files (HO)
 (/usr/share/texlive/texmf-dist/tex/generic/uniquecounter/uniquecounter.sty
Package: uniquecounter 2019/12/15 v1.4 Provide unlimited unique counter (HO)
)
Package uniquecounter Info: New unique counter `rerunfilecheck' on input line 285.
)
\Hy@SectionHShift=\skip58
) (/usr/share/texlive/texmf-dist/tex/latex/base/inputenc.sty
Package: inputenc 2021/02/14 v1.3d Input encoding file
\inpenc@prehook=\toks30
\inpenc@posthook=\toks31
) (/usr/share/texlive/texmf-dist/tex/latex/base/fontenc.sty
Package: fontenc 2021/04/29 v2.0v Standard LaTeX package
) (/usr/share/texlive/texmf-dist/tex/latex/base/textcomp.sty
Package: textcomp 2020/02/02 v2.0n Standard LaTeX package
) (/usr/share/texlive/texmf-dist/tex/latex/bbm-macros/bbm.sty
Package: bbm 1999/03/15 V 1.2 provides fonts for set symbols - TH
LaTeX Font Info:    Overwriting math alphabet `\mathbbm' in version `bold'
(Font)                  U/bbm/m/n --> U/bbm/bx/n on input line 33.
LaTeX Font Info:    Overwriting math alphabet `\mathbbmss' in version `bold'
(Font)                  U/bbmss/m/n --> U/bbmss/bx/n on input line 35.
) (/usr/share/texlive/texmf-dist/tex/latex/tikz-cd/tikz-cd.sty
Package: tikz-cd 2021/05/04 v1.0 Commutative diagrams with TikZ
 (/usr/share/texlive/texmf-dist/tex/latex/pgf/frontendlayer/tikz.sty (/usr/share/texlive/texmf-dist/tex/latex/pgf/basiclayer/pgf.sty (/usr/share/texlive/texmf-dist/tex/latex/pgf/utilities/pgfrcs.sty (/usr/share/texlive/texmf-dist/tex/generic/pgf/utilities/pgfutil-common.tex
\pgfutil@everybye=\toks32
\pgfutil@tempdima=\dimen162
\pgfutil@tempdimb=\dimen163
) (/usr/share/texlive/texmf-dist/tex/generic/pgf/utilities/pgfutil-latex.def
\pgfutil@abb=\box54
) (/usr/share/texlive/texmf-dist/tex/generic/pgf/utilities/pgfrcs.code.tex (/usr/share/texlive/texmf-dist/tex/generic/pgf/pgf.revision.tex)
Package: pgfrcs 2023-01-15 v3.1.10 (3.1.10)
))
Package: pgf 2023-01-15 v3.1.10 (3.1.10)
 (/usr/share/texlive/texmf-dist/tex/latex/pgf/basiclayer/pgfcore.sty (/usr/share/texlive/texmf-dist/tex/latex/pgf/systemlayer/pgfsys.sty (/usr/share/texlive/texmf-dist/tex/generic/pgf/systemlayer/pgfsys.code.tex
Package: pgfsys 2023-01-15 v3.1.10 (3.1.10)
 (/usr/share/texlive/texmf-dist/tex/generic/pgf/utilities/pgfkeys.code.tex
\pgfkeys@pathtoks=\toks33
\pgfkeys@temptoks=\toks34
 (/usr/share/texlive/texmf-dist/tex/generic/pgf/utilities/pgfkeyslibraryfiltered.code.tex
\pgfkeys@tmptoks=\toks35
))
\pgf@x=\dimen164
\pgf@y=\dimen165
\pgf@xa=\dimen166
\pgf@ya=\dimen167
\pgf@xb=\dimen168
\pgf@yb=\dimen169
\pgf@xc=\dimen170
\pgf@yc=\dimen171
\pgf@xd=\dimen172
\pgf@yd=\dimen173
\w@pgf@writea=\write3
\r@pgf@reada=\read2
\c@pgf@counta=\count290
\c@pgf@countb=\count291
\c@pgf@countc=\count292
\c@pgf@countd=\count293
\t@pgf@toka=\toks36
\t@pgf@tokb=\toks37
\t@pgf@tokc=\toks38
\pgf@sys@id@count=\count294

(/usr/share/texlive/texmf-dist/tex/generic/pgf/systemlayer/pgf.cfg
File: pgf.cfg 2023-01-15 v3.1.10 (3.1.10)
)
Driver file for pgf: pgfsys-pdftex.def
 (/usr/share/texlive/texmf-dist/tex/generic/pgf/systemlayer/pgfsys-pdftex.def
File: pgfsys-pdftex.def 2023-01-15 v3.1.10 (3.1.10)
 (/usr/share/texlive/texmf-dist/tex/generic/pgf/systemlayer/pgfsys-common-pdf.def
File: pgfsys-common-pdf.def 2023-01-15 v3.1.10 (3.1.10)
))) (/usr/share/texlive/texmf-dist/tex/generic/pgf/systemlayer/pgfsyssoftpath.code.tex
File: pgfsyssoftpath.code.tex 2023-01-15 v3.1.10 (3.1.10)
\pgfsyssoftpath@smallbuffer@items=\count295
\pgfsyssoftpath@bigbuffer@items=\count296
) (/usr/share/texlive/texmf-dist/tex/generic/pgf/systemlayer/pgfsysprotocol.code.tex
File: pgfsysprotocol.code.tex 2023-01-15 v3.1.10 (3.1.10)
)) (/usr/share/texlive/texmf-dist/tex/latex/xcolor/xcolor.sty
Package: xcolor 2023/11/15 v3.01 LaTeX color extensions (UK)
 (/usr/share/texlive/texmf-dist/tex/latex/graphics-cfg/color.cfg
File: color.cfg 2016/01/02 v1.6 sample color configuration
)
Package xcolor Info: Driver file: pdftex.def on input line 274.
 (/usr/share/texlive/texmf-dist/tex/latex/graphics/mathcolor.ltx)
Package xcolor Info: Model `cmy' substituted by `cmy0' on input line 1350.
Package xcolor Info: Model `hsb' substituted by `rgb' on input line 1354.
Package xcolor Info: Model `RGB' extended on input line 1366.
Package xcolor Info: Model `HTML' substituted by `rgb' on input line 1368.
Package xcolor Info: Model `Hsb' substituted by `hsb' on input line 1369.
Package xcolor Info: Model `tHsb' substituted by `hsb' on input line 1370.
Package xcolor Info: Model `HSB' substituted by `hsb' on input line 1371.
Package xcolor Info: Model `Gray' substituted by `gray' on input line 1372.
Package xcolor Info: Model `wave' substituted by `hsb' on input line 1373.
) (/usr/share/texlive/texmf-dist/tex/generic/pgf/basiclayer/pgfcore.code.tex
Package: pgfcore 2023-01-15 v3.1.10 (3.1.10)
 (/usr/share/texlive/texmf-dist/tex/generic/pgf/math/pgfmath.code.tex (/usr/share/texlive/texmf-dist/tex/generic/pgf/math/pgfmathutil.code.tex) (/usr/share/texlive/texmf-dist/tex/generic/pgf/math/pgfmathparser.code.tex
\pgfmath@dimen=\dimen174
\pgfmath@count=\count297
\pgfmath@box=\box55
\pgfmath@toks=\toks39
\pgfmath@stack@operand=\toks40
\pgfmath@stack@operation=\toks41
) (/usr/share/texlive/texmf-dist/tex/generic/pgf/math/pgfmathfunctions.code.tex) (/usr/share/texlive/texmf-dist/tex/generic/pgf/math/pgfmathfunctions.basic.code.tex) (/usr/share/texlive/texmf-dist/tex/generic/pgf/math/pgfmathfunctions.trigonometric.code.tex) (/usr/share/texlive/texmf-dist/tex/generic/pgf/math/pgfmathfunctions.random.code.tex) (/usr/share/texlive/texmf-dist/tex/generic/pgf/math/pgfmathfunctions.comparison.code.tex) (/usr/share/texlive/texmf-dist/tex/generic/pgf/math/pgfmathfunctions.base.code.tex) (/usr/share/texlive/texmf-dist/tex/generic/pgf/math/pgfmathfunctions.round.code.tex) (/usr/share/texlive/texmf-dist/tex/generic/pgf/math/pgfmathfunctions.misc.code.tex) (/usr/share/texlive/texmf-dist/tex/generic/pgf/math/pgfmathfunctions.integerarithmetics.code.tex) (/usr/share/texlive/texmf-dist/tex/generic/pgf/math/pgfmathcalc.code.tex) (/usr/share/texlive/texmf-dist/tex/generic/pgf/math/pgfmathfloat.code.tex
\c@pgfmathroundto@lastzeros=\count298
)) (/usr/share/texlive/texmf-dist/tex/generic/pgf/math/pgfint.code.tex) (/usr/share/texlive/texmf-dist/tex/generic/pgf/basiclayer/pgfcorepoints.code.tex
File: pgfcorepoints.code.tex 2023-01-15 v3.1.10 (3.1.10)
\pgf@picminx=\dimen175
\pgf@picmaxx=\dimen176
\pgf@picminy=\dimen177
\pgf@picmaxy=\dimen178
\pgf@pathminx=\dimen179
\pgf@pathmaxx=\dimen180
\pgf@pathminy=\dimen181
\pgf@pathmaxy=\dimen182
\pgf@xx=\dimen183
\pgf@xy=\dimen184
\pgf@yx=\dimen185
\pgf@yy=\dimen186
\pgf@zx=\dimen187
\pgf@zy=\dimen188
)
(/usr/share/texlive/texmf-dist/tex/generic/pgf/basiclayer/pgfcorepathconstruct.code.tex
File: pgfcorepathconstruct.code.tex 2023-01-15 v3.1.10 (3.1.10)
\pgf@path@lastx=\dimen189
\pgf@path@lasty=\dimen190
) (/usr/share/texlive/texmf-dist/tex/generic/pgf/basiclayer/pgfcorepathusage.code.tex
File: pgfcorepathusage.code.tex 2023-01-15 v3.1.10 (3.1.10)
\pgf@shorten@end@additional=\dimen191
\pgf@shorten@start@additional=\dimen192
) (/usr/share/texlive/texmf-dist/tex/generic/pgf/basiclayer/pgfcorescopes.code.tex
File: pgfcorescopes.code.tex 2023-01-15 v3.1.10 (3.1.10)
\pgfpic=\box56
\pgf@hbox=\box57
\pgf@layerbox@main=\box58
\pgf@picture@serial@count=\count299
) (/usr/share/texlive/texmf-dist/tex/generic/pgf/basiclayer/pgfcoregraphicstate.code.tex
File: pgfcoregraphicstate.code.tex 2023-01-15 v3.1.10 (3.1.10)
\pgflinewidth=\dimen193
) (/usr/share/texlive/texmf-dist/tex/generic/pgf/basiclayer/pgfcoretransformations.code.tex
File: pgfcoretransformations.code.tex 2023-01-15 v3.1.10 (3.1.10)
\pgf@pt@x=\dimen194
\pgf@pt@y=\dimen195
\pgf@pt@temp=\dimen196
) (/usr/share/texlive/texmf-dist/tex/generic/pgf/basiclayer/pgfcorequick.code.tex
File: pgfcorequick.code.tex 2023-01-15 v3.1.10 (3.1.10)
) (/usr/share/texlive/texmf-dist/tex/generic/pgf/basiclayer/pgfcoreobjects.code.tex
File: pgfcoreobjects.code.tex 2023-01-15 v3.1.10 (3.1.10)
) (/usr/share/texlive/texmf-dist/tex/generic/pgf/basiclayer/pgfcorepathprocessing.code.tex
File: pgfcorepathprocessing.code.tex 2023-01-15 v3.1.10 (3.1.10)
) (/usr/share/texlive/texmf-dist/tex/generic/pgf/basiclayer/pgfcorearrows.code.tex
File: pgfcorearrows.code.tex 2023-01-15 v3.1.10 (3.1.10)
\pgfarrowsep=\dimen197
) (/usr/share/texlive/texmf-dist/tex/generic/pgf/basiclayer/pgfcoreshade.code.tex
File: pgfcoreshade.code.tex 2023-01-15 v3.1.10 (3.1.10)
\pgf@max=\dimen198
\pgf@sys@shading@range@num=\count300
\pgf@shadingcount=\count301
) (/usr/share/texlive/texmf-dist/tex/generic/pgf/basiclayer/pgfcoreimage.code.tex
File: pgfcoreimage.code.tex 2023-01-15 v3.1.10 (3.1.10)
) (/usr/share/texlive/texmf-dist/tex/generic/pgf/basiclayer/pgfcoreexternal.code.tex
File: pgfcoreexternal.code.tex 2023-01-15 v3.1.10 (3.1.10)
\pgfexternal@startupbox=\box59
) (/usr/share/texlive/texmf-dist/tex/generic/pgf/basiclayer/pgfcorelayers.code.tex
File: pgfcorelayers.code.tex 2023-01-15 v3.1.10 (3.1.10)
) (/usr/share/texlive/texmf-dist/tex/generic/pgf/basiclayer/pgfcoretransparency.code.tex
File: pgfcoretransparency.code.tex 2023-01-15 v3.1.10 (3.1.10)
) (/usr/share/texlive/texmf-dist/tex/generic/pgf/basiclayer/pgfcorepatterns.code.tex
File: pgfcorepatterns.code.tex 2023-01-15 v3.1.10 (3.1.10)
) (/usr/share/texlive/texmf-dist/tex/generic/pgf/basiclayer/pgfcorerdf.code.tex
File: pgfcorerdf.code.tex 2023-01-15 v3.1.10 (3.1.10)
))) (/usr/share/texlive/texmf-dist/tex/generic/pgf/modules/pgfmoduleshapes.code.tex
File: pgfmoduleshapes.code.tex 2023-01-15 v3.1.10 (3.1.10)
\pgfnodeparttextbox=\box60
) (/usr/share/texlive/texmf-dist/tex/generic/pgf/modules/pgfmoduleplot.code.tex
File: pgfmoduleplot.code.tex 2023-01-15 v3.1.10 (3.1.10)
) (/usr/share/texlive/texmf-dist/tex/latex/pgf/compatibility/pgfcomp-version-0-65.sty
Package: pgfcomp-version-0-65 2023-01-15 v3.1.10 (3.1.10)
\pgf@nodesepstart=\dimen256
\pgf@nodesepend=\dimen257
) (/usr/share/texlive/texmf-dist/tex/latex/pgf/compatibility/pgfcomp-version-1-18.sty
Package: pgfcomp-version-1-18 2023-01-15 v3.1.10 (3.1.10)
)) (/usr/share/texlive/texmf-dist/tex/latex/pgf/utilities/pgffor.sty (/usr/share/texlive/texmf-dist/tex/latex/pgf/utilities/pgfkeys.sty (/usr/share/texlive/texmf-dist/tex/generic/pgf/utilities/pgfkeys.code.tex)) (/usr/share/texlive/texmf-dist/tex/latex/pgf/math/pgfmath.sty
(/usr/share/texlive/texmf-dist/tex/generic/pgf/math/pgfmath.code.tex)) (/usr/share/texlive/texmf-dist/tex/generic/pgf/utilities/pgffor.code.tex
Package: pgffor 2023-01-15 v3.1.10 (3.1.10)
\pgffor@iter=\dimen258
\pgffor@skip=\dimen259
\pgffor@stack=\toks42
\pgffor@toks=\toks43
)) (/usr/share/texlive/texmf-dist/tex/generic/pgf/frontendlayer/tikz/tikz.code.tex
Package: tikz 2023-01-15 v3.1.10 (3.1.10)
 (/usr/share/texlive/texmf-dist/tex/generic/pgf/libraries/pgflibraryplothandlers.code.tex
File: pgflibraryplothandlers.code.tex 2023-01-15 v3.1.10 (3.1.10)
\pgf@plot@mark@count=\count302
\pgfplotmarksize=\dimen260
)
\tikz@lastx=\dimen261
\tikz@lasty=\dimen262
\tikz@lastxsaved=\dimen263
\tikz@lastysaved=\dimen264
\tikz@lastmovetox=\dimen265
\tikz@lastmovetoy=\dimen266
\tikzleveldistance=\dimen267
\tikzsiblingdistance=\dimen268
\tikz@figbox=\box61
\tikz@figbox@bg=\box62
\tikz@tempbox=\box63
\tikz@tempbox@bg=\box64
\tikztreelevel=\count303
\tikznumberofchildren=\count304
\tikznumberofcurrentchild=\count305
\tikz@fig@count=\count306
 (/usr/share/texlive/texmf-dist/tex/generic/pgf/modules/pgfmodulematrix.code.tex
File: pgfmodulematrix.code.tex 2023-01-15 v3.1.10 (3.1.10)
\pgfmatrixcurrentrow=\count307
\pgfmatrixcurrentcolumn=\count308
\pgf@matrix@numberofcolumns=\count309
)
\tikz@expandcount=\count310
 (/usr/share/texlive/texmf-dist/tex/generic/pgf/frontendlayer/tikz/libraries/tikzlibrarytopaths.code.tex
File: tikzlibrarytopaths.code.tex 2023-01-15 v3.1.10 (3.1.10)
))) (/usr/share/texlive/texmf-dist/tex/generic/tikz-cd/tikzlibrarycd.code.tex (/usr/share/texlive/texmf-dist/tex/generic/pgf/frontendlayer/tikz/libraries/tikzlibrarymatrix.code.tex
File: tikzlibrarymatrix.code.tex 2023-01-15 v3.1.10 (3.1.10)
) (/usr/share/texlive/texmf-dist/tex/generic/pgf/frontendlayer/tikz/libraries/tikzlibraryquotes.code.tex
File: tikzlibraryquotes.code.tex 2023-01-15 v3.1.10 (3.1.10)
) (/usr/share/texlive/texmf-dist/tex/generic/pgf/libraries/pgflibraryarrows.meta.code.tex
File: pgflibraryarrows.meta.code.tex 2023-01-15 v3.1.10 (3.1.10)
\pgfarrowinset=\dimen269
\pgfarrowlength=\dimen270
\pgfarrowwidth=\dimen271
\pgfarrowlinewidth=\dimen272
))) (/usr/share/texlive/texmf-dist/tex/latex/enumitem/enumitem.sty
Package: enumitem 2019/06/20 v3.9 Customized lists
\labelindent=\skip59
\enit@outerparindent=\dimen273
\enit@toks=\toks44
\enit@inbox=\box65
\enit@count@id=\count311
\enitdp@description=\count312
) (/usr/share/texlive/texmf-dist/tex/latex/float/float.sty
Package: float 2001/11/08 v1.3d Float enhancements (AL)
\c@float@type=\count313
\float@exts=\toks45
\float@box=\box66
\@float@everytoks=\toks46
\@floatcapt=\box67
) (/usr/share/texlive/texmf-dist/tex/latex/adjustbox/adjustbox.sty
Package: adjustbox 2022/10/17 v1.3a Adjusting TeX boxes (trim, clip, ...)
 (/usr/share/texlive/texmf-dist/tex/latex/xkeyval/xkeyval.sty
Package: xkeyval 2022/06/16 v2.9 package option processing (HA)
 (/usr/share/texlive/texmf-dist/tex/generic/xkeyval/xkeyval.tex (/usr/share/texlive/texmf-dist/tex/generic/xkeyval/xkvutils.tex
\XKV@toks=\toks47
\XKV@tempa@toks=\toks48
)
\XKV@depth=\count314
File: xkeyval.tex 2014/12/03 v2.7a key=value parser (HA)
)) (/usr/share/texlive/texmf-dist/tex/latex/adjustbox/adjcalc.sty
Package: adjcalc 2012/05/16 v1.1 Provides advanced setlength with multiple back-ends (calc, etex, pgfmath)
) (/usr/share/texlive/texmf-dist/tex/latex/adjustbox/trimclip.sty
Package: trimclip 2020/08/19 v1.2 Trim and clip general TeX material
 (/usr/share/texlive/texmf-dist/tex/latex/collectbox/collectbox.sty
Package: collectbox 2022/10/17 v0.4c Collect macro arguments as boxes
\collectedbox=\box68
)
\tc@llx=\dimen274
\tc@lly=\dimen275
\tc@urx=\dimen276
\tc@ury=\dimen277
Package trimclip Info: Using driver 'tc-pdftex.def'.
 (/usr/share/texlive/texmf-dist/tex/latex/adjustbox/tc-pdftex.def
File: tc-pdftex.def 2019/01/04 v2.2 Clipping driver for pdftex
))
\adjbox@Width=\dimen278
\adjbox@Height=\dimen279
\adjbox@Depth=\dimen280
\adjbox@Totalheight=\dimen281
\adjbox@pwidth=\dimen282
\adjbox@pheight=\dimen283
\adjbox@pdepth=\dimen284
\adjbox@ptotalheight=\dimen285
 (/usr/share/texlive/texmf-dist/tex/latex/ifoddpage/ifoddpage.sty
Package: ifoddpage 2022/10/18 v1.2 Conditionals for odd/even page detection
\c@checkoddpage=\count315
) (/usr/share/texlive/texmf-dist/tex/latex/varwidth/varwidth.sty
Package: varwidth 2009/03/30 ver 0.92;  Variable-width minipages
\@vwid@box=\box69
\sift@deathcycles=\count316
\@vwid@loff=\dimen286
\@vwid@roff=\dimen287
)) (/usr/share/texlive/texmf-dist/tex/latex/todonotes/todonotes.sty
Package: todonotes 2024/01/05 v1.1.7 Todonotes source and documentation.
Package: todonotes 2024/01/05
 (/usr/share/texlive/texmf-dist/tex/latex/base/ifthen.sty
Package: ifthen 2022/04/13 v1.1d Standard LaTeX ifthen package (DPC)
) (/usr/share/texlive/texmf-dist/tex/generic/pgf/frontendlayer/tikz/libraries/tikzlibrarypositioning.code.tex
File: tikzlibrarypositioning.code.tex 2023-01-15 v3.1.10 (3.1.10)
) (/usr/share/texlive/texmf-dist/tex/latex/tools/calc.sty
Package: calc 2023/07/08 v4.3 Infix arithmetic (KKT,FJ)
\calc@Acount=\count317
\calc@Bcount=\count318
\calc@Adimen=\dimen288
\calc@Bdimen=\dimen289
\calc@Askip=\skip60
\calc@Bskip=\skip61
LaTeX Info: Redefining \setlength on input line 80.
LaTeX Info: Redefining \addtolength on input line 81.
\calc@Ccount=\count319
\calc@Cskip=\skip62
)
\c@@todonotes@numberoftodonotes=\count320
) (/usr/share/texlive/texmf-dist/tex/latex/caption/caption.sty
Package: caption 2023/08/05 v3.6o Customizing captions (AR)

(/usr/share/texlive/texmf-dist/tex/latex/caption/caption3.sty
Package: caption3 2023/07/31 v2.4d caption3 kernel (AR)
\caption@tempdima=\dimen290
\captionmargin=\dimen291
\caption@leftmargin=\dimen292
\caption@rightmargin=\dimen293
\caption@width=\dimen294
\caption@indent=\dimen295
\caption@parindent=\dimen296
\caption@hangindent=\dimen297
Package caption Info: AMS or SMF document class detected.
 (/usr/share/texlive/texmf-dist/tex/latex/caption/caption-ams-smf.sto
File: caption-ams-smf.sto 2020/08/22 v2.0 Adaption of the caption package to the AMS and SMF document classes (AR)
))
\c@caption@flags=\count321
\c@continuedfloat=\count322
Package caption Info: float package is loaded.
Package caption Info: hyperref package is loaded.
) (/usr/share/texlive/texmf-dist/tex/latex/caption/subcaption.sty
Package: subcaption 2023/07/28 v1.6b Sub-captions (AR)
Package caption Info: New subtype `subfigure' on input line 238.
\c@subfigure=\count323
Package caption Info: New subtype `subtable' on input line 238.
\c@subtable=\count324
) (/usr/share/texlive/texmf-dist/tex/latex/biblatex/biblatex.sty
Package: biblatex 2023/03/05 v3.19 programmable bibliographies (PK/MW)
 (/usr/share/texlive/texmf-dist/tex/latex/logreq/logreq.sty
Package: logreq 2010/08/04 v1.0 xml request logger
\lrq@indent=\count325
 (/usr/share/texlive/texmf-dist/tex/latex/logreq/logreq.def
File: logreq.def 2010/08/04 v1.0 logreq spec v1.0
))
\c@tabx@nest=\count326
\c@listtotal=\count327
\c@listcount=\count328
\c@liststart=\count329
\c@liststop=\count330
\c@citecount=\count331
\c@citetotal=\count332
\c@multicitecount=\count333
\c@multicitetotal=\count334
\c@instcount=\count335
\c@maxnames=\count336
\c@minnames=\count337
\c@maxitems=\count338
\c@minitems=\count339
\c@citecounter=\count340
\c@maxcitecounter=\count341
\c@savedcitecounter=\count342
\c@uniquelist=\count343
\c@uniquename=\count344
\c@refsection=\count345
\c@refsegment=\count346
\c@maxextratitle=\count347
\c@maxextratitleyear=\count348
\c@maxextraname=\count349
\c@maxextradate=\count350
\c@maxextraalpha=\count351
\c@abbrvpenalty=\count352
\c@highnamepenalty=\count353
\c@lownamepenalty=\count354
\c@maxparens=\count355
\c@parenlevel=\count356
\blx@tempcnta=\count357
\blx@tempcntb=\count358
\blx@tempcntc=\count359
\c@blx@maxsection=\count360
\blx@maxsegment@0=\count361
\blx@notetype=\count362
\blx@parenlevel@text=\count363
\blx@parenlevel@foot=\count364
\blx@sectionciteorder@0=\count365
\blx@sectionciteorderinternal@0=\count366
\blx@entrysetcounter=\count367
\blx@biblioinstance=\count368
\labelnumberwidth=\skip63
\labelalphawidth=\skip64
\biblabelsep=\skip65
\bibitemsep=\skip66
\bibnamesep=\skip67
\bibinitsep=\skip68
\bibparsep=\skip69
\bibhang=\skip70
\blx@bcfin=\read3
\blx@bcfout=\write4
\blx@langwohyphens=\language89
\c@mincomprange=\count369
\c@maxcomprange=\count370
\c@mincompwidth=\count371
Package biblatex Info: Trying to load biblatex default data model...
Package biblatex Info: ... file 'blx-dm.def' found.
 (/usr/share/texlive/texmf-dist/tex/latex/biblatex/blx-dm.def
File: blx-dm.def 2023/03/05 v3.19 biblatex localization (PK/MW)
)
Package biblatex Info: Trying to load biblatex custom data model...
Package biblatex Info: ... file 'biblatex-dm.cfg' not found.
\c@afterword=\count372
\c@savedafterword=\count373
\c@annotator=\count374
\c@savedannotator=\count375
\c@author=\count376
\c@savedauthor=\count377
\c@bookauthor=\count378
\c@savedbookauthor=\count379
\c@commentator=\count380
\c@savedcommentator=\count381
\c@editor=\count382
\c@savededitor=\count383
\c@editora=\count384
\c@savededitora=\count385
\c@editorb=\count386
\c@savededitorb=\count387
\c@editorc=\count388
\c@savededitorc=\count389
\c@foreword=\count390
\c@savedforeword=\count391
\c@holder=\count392
\c@savedholder=\count393
\c@introduction=\count394
\c@savedintroduction=\count395
\c@namea=\count396
\c@savednamea=\count397
\c@nameb=\count398
\c@savednameb=\count399
\c@namec=\count400
\c@savednamec=\count401
\c@translator=\count402
\c@savedtranslator=\count403
\c@shortauthor=\count404
\c@savedshortauthor=\count405
\c@shorteditor=\count406
\c@savedshorteditor=\count407
\c@labelname=\count408
\c@savedlabelname=\count409
\c@institution=\count410
\c@savedinstitution=\count411
\c@lista=\count412
\c@savedlista=\count413
\c@listb=\count414
\c@savedlistb=\count415
\c@listc=\count416
\c@savedlistc=\count417
\c@listd=\count418
\c@savedlistd=\count419
\c@liste=\count420
\c@savedliste=\count421
\c@listf=\count422
\c@savedlistf=\count423
\c@location=\count424
\c@savedlocation=\count425
\c@organization=\count426
\c@savedorganization=\count427
\c@origlocation=\count428
\c@savedoriglocation=\count429
\c@origpublisher=\count430
\c@savedorigpublisher=\count431
\c@publisher=\count432
\c@savedpublisher=\count433
\c@language=\count434
\c@savedlanguage=\count435
\c@origlanguage=\count436
\c@savedoriglanguage=\count437
\c@pageref=\count438
\c@savedpageref=\count439
\shorthandwidth=\skip71
\shortjournalwidth=\skip72
\shortserieswidth=\skip73
\shorttitlewidth=\skip74
\shortauthorwidth=\skip75
\shorteditorwidth=\skip76
\locallabelnumberwidth=\skip77
\locallabelalphawidth=\skip78
\localshorthandwidth=\skip79
\localshortjournalwidth=\skip80
\localshortserieswidth=\skip81
\localshorttitlewidth=\skip82
\localshortauthorwidth=\skip83
\localshorteditorwidth=\skip84
Package biblatex Info: Trying to load compatibility code...
Package biblatex Info: ... file 'blx-compat.def' found.
 (/usr/share/texlive/texmf-dist/tex/latex/biblatex/blx-compat.def
File: blx-compat.def 2023/03/05 v3.19 biblatex compatibility (PK/MW)
)
Package biblatex Info: Trying to load generic definitions...
Package biblatex Info: ... file 'biblatex.def' found.
 (/usr/share/texlive/texmf-dist/tex/latex/biblatex/biblatex.def
File: biblatex.def 2023/03/05 v3.19 biblatex compatibility (PK/MW)
\c@textcitecount=\count440
\c@textcitetotal=\count441
\c@textcitemaxnames=\count442
\c@biburlbigbreakpenalty=\count443
\c@biburlbreakpenalty=\count444
\c@biburlnumpenalty=\count445
\c@biburlucpenalty=\count446
\c@biburllcpenalty=\count447
\biburlbigskip=\muskip18
\biburlnumskip=\muskip19
\biburlucskip=\muskip20
\biburllcskip=\muskip21
\c@smartand=\count448
)
Package biblatex Info: Trying to load bibliography style 'numeric'...
Package biblatex Info: ... file 'numeric.bbx' found.
 (/usr/share/texlive/texmf-dist/tex/latex/biblatex/bbx/numeric.bbx
File: numeric.bbx 2023/03/05 v3.19 biblatex bibliography style (PK/MW)
Package biblatex Info: Trying to load bibliography style 'standard'...
Package biblatex Info: ... file 'standard.bbx' found.
 (/usr/share/texlive/texmf-dist/tex/latex/biblatex/bbx/standard.bbx
File: standard.bbx 2023/03/05 v3.19 biblatex bibliography style (PK/MW)
\c@bbx:relatedcount=\count449
\c@bbx:relatedtotal=\count450
))
Package biblatex Info: Trying to load citation style 'numeric'...
Package biblatex Info: ... file 'numeric.cbx' found.
 (/usr/share/texlive/texmf-dist/tex/latex/biblatex/cbx/numeric.cbx
File: numeric.cbx 2023/03/05 v3.19 biblatex citation style (PK/MW)
Package biblatex Info: Redefining '\cite'.
Package biblatex Info: Redefining '\parencite'.
Package biblatex Info: Redefining '\footcite'.
Package biblatex Info: Redefining '\footcitetext'.
Package biblatex Info: Redefining '\smartcite'.
Package biblatex Info: Redefining '\supercite'.
Package biblatex Info: Redefining '\textcite'.
Package biblatex Info: Redefining '\textcites'.
Package biblatex Info: Redefining '\cites'.
Package biblatex Info: Redefining '\parencites'.
Package biblatex Info: Redefining '\smartcites'.
)
Package biblatex Info: Trying to load configuration file...
Package biblatex Info: ... file 'biblatex.cfg' found.
 (/usr/share/texlive/texmf-dist/tex/latex/biblatex/biblatex.cfg
File: biblatex.cfg 
)
Package biblatex Info: Input encoding 'utf8' detected.
Package biblatex Info: Document encoding is UTF8 ....
 (/usr/share/texlive/texmf-dist/tex/latex/l3kernel/expl3.sty
Package: expl3 2024-01-22 L3 programming layer (loader) 
 (/usr/share/texlive/texmf-dist/tex/latex/l3backend/l3backend-pdftex.def
File: l3backend-pdftex.def 2024-01-04 L3 backend support: PDF output (pdfTeX)
\l__color_backend_stack_int=\count451
\l__pdf_internal_box=\box70
))
Package biblatex Info: ... and expl3
(biblatex)             2024-01-22 L3 programming layer (loader) 
(biblatex)             is new enough (at least 2020/04/06),
(biblatex)             setting 'casechanger=expl3'.
 (/usr/share/texlive/texmf-dist/tex/latex/biblatex/blx-case-expl3.sty (/usr/share/texlive/texmf-dist/tex/latex/l3packages/xparse/xparse.sty
Package: xparse 2023-10-10 L3 Experimental document command parser
)
Package: blx-case-expl3 2023/03/05 v3.19 expl3 case changing code for biblatex
))
\c@theorem=\count452
\@quotelevel=\count453
\@quotereset=\count454
 (./mcg-notes-2.aux

LaTeX Warning: Label `fig:braiding-on-braid-groupoid-jpeg' multiply defined.

)
\openout1 = `mcg-notes-2.aux'.

LaTeX Font Info:    Checking defaults for OML/cmm/m/it on input line 148.
LaTeX Font Info:    ... okay on input line 148.
LaTeX Font Info:    Checking defaults for OMS/cmsy/m/n on input line 148.
LaTeX Font Info:    ... okay on input line 148.
LaTeX Font Info:    Checking defaults for OT1/cmr/m/n on input line 148.
LaTeX Font Info:    ... okay on input line 148.
LaTeX Font Info:    Checking defaults for T1/cmr/m/n on input line 148.
LaTeX Font Info:    ... okay on input line 148.
LaTeX Font Info:    Checking defaults for TS1/cmr/m/n on input line 148.
LaTeX Font Info:    ... okay on input line 148.
LaTeX Font Info:    Checking defaults for OMX/cmex/m/n on input line 148.
LaTeX Font Info:    ... okay on input line 148.
LaTeX Font Info:    Checking defaults for U/mathx/m/n on input line 148.
LaTeX Font Info:    ... okay on input line 148.
LaTeX Font Info:    Checking defaults for PD1/pdf/m/n on input line 148.
LaTeX Font Info:    ... okay on input line 148.
LaTeX Font Info:    Checking defaults for PU/pdf/m/n on input line 148.
LaTeX Font Info:    ... okay on input line 148.
LaTeX Font Info:    Trying to load font information for U+msa on input line 148.
 (/usr/share/texlive/texmf-dist/tex/latex/amsfonts/umsa.fd
File: umsa.fd 2013/01/14 v3.01 AMS symbols A
)
LaTeX Font Info:    Trying to load font information for U+msb on input line 148.
 (/usr/share/texlive/texmf-dist/tex/latex/amsfonts/umsb.fd
File: umsb.fd 2013/01/14 v3.01 AMS symbols B
)
LaTeX Font Info:    Trying to load font information for U+rsfs on input line 148.
 (/usr/share/texlive/texmf-dist/tex/latex/jknapltx/ursfs.fd
File: ursfs.fd 1998/03/24 rsfs font definition file (jk)
)
LaTeX Info: Command `\dddot' is already robust on input line 148.
LaTeX Info: Command `\ddddot' is already robust on input line 148.
 (/usr/share/texlive/texmf-dist/tex/context/base/mkii/supp-pdf.mkii
[Loading MPS to PDF converter (version 2006.09.02).]
\scratchcounter=\count455
\scratchdimen=\dimen298
\scratchbox=\box71
\nofMPsegments=\count456
\nofMParguments=\count457
\everyMPshowfont=\toks49
\MPscratchCnt=\count458
\MPscratchDim=\dimen299
\MPnumerator=\count459
\makeMPintoPDFobject=\count460
\everyMPtoPDFconversion=\toks50
) (/usr/share/texlive/texmf-dist/tex/latex/epstopdf-pkg/epstopdf-base.sty
Package: epstopdf-base 2020-01-24 v2.11 Base part for package epstopdf
Package epstopdf-base Info: Redefining graphics rule for `.eps' on input line 485.
 (/usr/share/texlive/texmf-dist/tex/latex/latexconfig/epstopdf-sys.cfg
File: epstopdf-sys.cfg 2010/07/13 v1.3 Configuration of (r)epstopdf for TeX Live
))
Package hyperref Info: Link coloring ON on input line 148.
 (./mcg-notes-2.out) (./mcg-notes-2.out)
\@outlinefile=\write5
\openout5 = `mcg-notes-2.out'.

Package caption Info: Begin \AtBeginDocument code.
Package caption Info: End \AtBeginDocument code.
Package biblatex Info: Trying to load language 'english'...
Package biblatex Info: ... file 'english.lbx' found.
 (/usr/share/texlive/texmf-dist/tex/latex/biblatex/lbx/english.lbx
File: english.lbx 2023/03/05 v3.19 biblatex localization (PK/MW)
)
Package biblatex Info: Input encoding 'utf8' detected.
Package biblatex Info: Automatic encoding selection.
(biblatex)             Assuming data encoding 'utf8'.
\openout4 = `mcg-notes-2.bcf'.

Package biblatex Info: Trying to load bibliographic data...
Package biblatex Info: ... file 'mcg-notes-2.bbl' found.
 (./mcg-notes-2.bbl)
Package biblatex Info: Reference section=0 on input line 148.
Package biblatex Info: Reference segment=0 on input line 148.
 (./mcg-notes-2.toc [1{/var/lib/texmf/fonts/map/pdftex/updmap/pdftex.map}{/usr/share/texmf/fonts/enc/dvips/cm-super/cm-super-t1.enc}])
\tf@toc=\write6
\openout6 = `mcg-notes-2.toc'.


Underfull \hbox (badness 10000) in paragraph at lines 200--206

 []


Underfull \hbox (badness 10000) in paragraph at lines 207--211

 []


Underfull \hbox (badness 10000) in paragraph at lines 212--220

 []


Underfull \hbox (badness 10000) in paragraph at lines 221--225

 []


Underfull \hbox (badness 10000) in paragraph at lines 226--233

 []

[2]
Underfull \hbox (badness 10000) in paragraph at lines 242--247

 []


Underfull \hbox (badness 10000) in paragraph at lines 249--253

 []

[3]
<lifts-of-paths.jpg, id=236, 1900.09875pt x 2055.68pt>
File: lifts-of-paths.jpg Graphic file (type jpg)
<use lifts-of-paths.jpg>
Package pdftex.def Info: lifts-of-paths.jpg  used on input line 363.
(pdftex.def)             Requested size: 288.0011pt x 311.5695pt.

Underfull \hbox (badness 10000) in paragraph at lines 383--389

 []


Underfull \hbox (badness 10000) in paragraph at lines 412--421

 []

[4]
Underfull \hbox (badness 10000) in paragraph at lines 427--469

 []

[5 <./lifts-of-paths.jpg>]
<algebraic-intersection-number.jpg, id=261, 2055.68pt x 1778.645pt>
File: algebraic-intersection-number.jpg Graphic file (type jpg)
<use algebraic-intersection-number.jpg>
Package pdftex.def Info: algebraic-intersection-number.jpg  used on input line 512.
(pdftex.def)             Requested size: 108.0011pt x 93.44267pt.
 [6 <./algebraic-intersection-number.jpg>]
<bigon.png, id=276, 368.37625pt x 138.5175pt>
File: bigon.png Graphic file (type png)
<use bigon.png>
Package pdftex.def Info: bigon.png  used on input line 644.
(pdftex.def)             Requested size: 143.9978pt x 54.1463pt.
 [7]
Underfull \hbox (badness 10000) in paragraph at lines 682--715

 []


Underfull \hbox (badness 10000) in paragraph at lines 682--715

 []

LaTeX Font Info:    Trying to load font information for U+bbm on input line 739.
(/usr/share/texlive/texmf-dist/tex/latex/bbm-macros/ubbm.fd
File: ubbm.fd 1999/03/15 V 1.2 Font definition for bbm font - TH
) [8 <./bigon.png>]
Underfull \hbox (badness 10000) in paragraph at lines 768--772

 []


Overfull \hbox (4.73605pt too wide) in paragraph at lines 774--778
[][]\T1/cmr/bx/n/10 Definition 2.23. []\T1/cmr/m/n/10 A \T1/cmr/m/it/10 proper arc \T1/cmr/m/n/10 in $\OML/cmm/m/it/10 S$ \T1/cmr/m/n/10 is a map $\OML/cmm/m/it/10  [] []  [] \U/matha/m/n/10  \OML/cmm/m/it/10 S$ \T1/cmr/m/n/10 such that $\OML/cmm/m/it/10 [] [] \U/matha/m/n/10 ^^P
 []

<bigon-of-arcs.png, id=302, 397.485pt x 261.97874pt>
File: bigon-of-arcs.png Graphic file (type png)
<use bigon-of-arcs.png>
Package pdftex.def Info: bigon-of-arcs.png  used on input line 799.
(pdftex.def)             Requested size: 180.0pt x 118.64087pt.
[9 <./bigon-of-arcs.png>]
<filling-genus-2-surface.png, id=319, 573.14125pt x 219.82124pt>
File: filling-genus-2-surface.png Graphic file (type png)
<use filling-genus-2-surface.png>
Package pdftex.def Info: filling-genus-2-surface.png  used on input line 917.
(pdftex.def)             Requested size: 251.9989pt x 96.6512pt.
 [10]
Overfull \hbox (4.35709pt too wide) in paragraph at lines 961--972
 \T1/cmr/m/n/10 2.8.\T1/cmr/bx/n/10 Three facts about home-o-mor-phisms.[][] \T1/cmr/m/n/10 Sup-pose $\OML/cmm/m/it/10 f [] [] D \U/matha/m/n/10  \OML/cmm/m/it/10 D$ \T1/cmr/m/n/10 is an orientation-
 []


Underfull \hbox (badness 10000) in paragraph at lines 961--972

 []

[11 <./filling-genus-2-surface.png>]
Underfull \hbox (badness 10000) in paragraph at lines 1045--1051

 []


Overfull \hbox (7.32402pt too wide) in paragraph at lines 1103--1107
[]\T1/cmr/m/n/10 If $[][]\U/matha/m/n/10 p\OML/cmm/m/it/10 S; \U/matha/m/n/10 B\OML/cmm/m/it/10 S\U/matha/m/n/10 q$ \T1/cmr/m/n/10 de-notes the con-nected com-po-nent of the iden-tity in $[][] []$,
 []

[12]
<alexander-trick.png, id=366, 206.7725pt x 256.96pt>
File: alexander-trick.png Graphic file (type png)
<use alexander-trick.png>
Package pdftex.def Info: alexander-trick.png  used on input line 1166.
(pdftex.def)             Requested size: 90.0pt x 111.84726pt.
 [13 <./alexander-trick.png>]
Underfull \hbox (badness 10000) in paragraph at lines 1247--1278

 []


Underfull \hbox (badness 10000) in paragraph at lines 1247--1278

 []

[14]
Overfull \hbox (5.3503pt too wide) in paragraph at lines 1339--1356
[]\T1/cmr/m/n/10 Any home-o-mor-phism $\OML/cmm/m/it/10 '$ \T1/cmr/m/n/10 of $\OML/cmm/m/it/10 T[]$ \T1/cmr/m/n/10 in-duces an iso-mor-phism on ho-mol-ogy: $\OML/cmm/m/it/10 '[] [] [] \U/msb/m/n/10 Z[] \U/matha/m/n/10 ^^S
 []


Underfull \hbox (badness 10000) in paragraph at lines 1357--1358

 []


Underfull \hbox (badness 10000) in paragraph at lines 1360--1371

 []


Underfull \hbox (badness 10000) in paragraph at lines 1373--1379

 []

[15]
Underfull \hbox (badness 10000) in paragraph at lines 1457--1465

 []


Underfull \hbox (badness 10000) in paragraph at lines 1457--1465

 []


Underfull \hbox (badness 10000) in paragraph at lines 1467--1474

 []

<dehn-twist-annulus.png, id=398, 345.29pt x 132.495pt>
File: dehn-twist-annulus.png Graphic file (type png)
<use dehn-twist-annulus.png>
Package pdftex.def Info: dehn-twist-annulus.png  used on input line 1482.
(pdftex.def)             Requested size: 180.0pt x 69.06963pt.
[16 <./dehn-twist-annulus.png>]
<dehn-twist-cutting-and-gluing.jpg, id=415, 2055.68pt x 1816.7875pt>
File: dehn-twist-cutting-and-gluing.jpg Graphic file (type jpg)
<use dehn-twist-cutting-and-gluing.jpg>
Package pdftex.def Info: dehn-twist-cutting-and-gluing.jpg  used on input line 1535.
(pdftex.def)             Requested size: 143.9978pt x 127.24356pt.

Underfull \hbox (badness 10000) in paragraph at lines 1544--1552

 []


Underfull \hbox (badness 10000) in paragraph at lines 1553--1557

 []

<dehn-twist-via-surgery.png, id=417, 525.965pt x 192.72pt>
File: dehn-twist-via-surgery.png Graphic file (type png)
<use dehn-twist-via-surgery.png>
Package pdftex.def Info: dehn-twist-via-surgery.png  used on input line 1568.
(pdftex.def)             Requested size: 216.0022pt x 79.14508pt.

Underfull \vbox (badness 1762) has occurred while \output is active []

 [17 <./dehn-twist-cutting-and-gluing.jpg>]
<prop32.png, id=430, 322.20375pt x 280.04625pt>
File: prop32.png Graphic file (type png)
<use prop32.png>
Package pdftex.def Info: prop32.png  used on input line 1618.
(pdftex.def)             Requested size: 144.00055pt x 125.16501pt.
<prop32b.png, id=431, 386.44376pt x 272.01625pt>
File: prop32b.png Graphic file (type png)
<use prop32b.png>
Package pdftex.def Info: prop32b.png  used on input line 1624.
(pdftex.def)             Requested size: 161.9989pt x 114.03021pt.

Underfull \hbox (badness 10000) in paragraph at lines 1636--1642

 []

[18 <./dehn-twist-via-surgery.png> <./prop32.png> <./prop32b.png>] [19]
Overfull \hbox (16.57344pt too wide) detected at line 1815
\OML/cmm/m/it/10 T[]T[]T[] \U/matha/m/n/10 ^^P \OML/cmm/m/it/10 T[]T[]T[]  \U/matha/m/n/10 []  [] \OML/cmm/m/it/10 T[] [][] \U/matha/m/n/10 ^^P \OML/cmm/m/it/10 T[]  \U/matha/m/n/10 []  \OML/cmm/m/it/10 T[] \U/matha/m/n/10 ^^P \OML/cmm/m/it/10 T[]  \U/matha/m/n/10 []  \OML/cmm/m/it/10 T[]T[]\U/matha/m/n/10 p\OML/cmm/m/it/10 a\U/matha/m/n/10 q ^^P \OML/cmm/m/it/10 b
 []

<dehn-twist-braid-relation.png, id=464, 592.2125pt x 467.7475pt>
File: dehn-twist-braid-relation.png Graphic file (type png)
<use dehn-twist-braid-relation.png>
Package pdftex.def Info: dehn-twist-braid-relation.png  used on input line 1826.
(pdftex.def)             Requested size: 216.0022pt x 170.6015pt.
[20 <./dehn-twist-braid-relation.png>]
Underfull \hbox (badness 10000) in paragraph at lines 1885--1901

 []

[21]
<braid-diagram.jpg, id=492, 2055.68pt x 2046.64626pt>
File: braid-diagram.jpg Graphic file (type jpg)
<use braid-diagram.jpg>
Package pdftex.def Info: braid-diagram.jpg  used on input line 2011.
(pdftex.def)             Requested size: 180.0pt x 179.19353pt.
 [22 <./braid-diagram.jpg>]
Overfull \hbox (4.47891pt too wide) in paragraph at lines 2029--2035
[]\T1/cmr/m/it/10 Remark. []\T1/cmr/m/n/10 Here an iso-topy of the braid is a col-lec-tion of iso-topies $[]$
 []

[23]
<sigma_i_configuration.jpeg, id=514, 2055.68pt x 1389.19pt>
File: sigma_i_configuration.jpeg Graphic file (type jpg)
<use sigma_i_configuration.jpeg>
Package pdftex.def Info: sigma_i_configuration.jpeg  used on input line 2156.
(pdftex.def)             Requested size: 90.0pt x 60.81506pt.
<half-twist.png, id=516, 520.94624pt x 139.52126pt>
File: half-twist.png Graphic file (type png)
<use half-twist.png>
Package pdftex.def Info: half-twist.png  used on input line 2218.
(pdftex.def)             Requested size: 180.0pt x 48.20726pt.

Underfull \hbox (badness 10000) in paragraph at lines 2223--2229

 []

[24 <./sigma_i_configuration.jpeg>] [25 <./half-twist.png>]
<push-point-map.png, id=540, 679.53876pt x 278.03876pt>
File: push-point-map.png Graphic file (type png)
<use push-point-map.png>
Package pdftex.def Info: push-point-map.png  used on input line 2401.
(pdftex.def)             Requested size: 251.9989pt x 103.10606pt.
 [26 <./push-point-map.png>]
Overfull \hbox (59.55919pt too wide) detected at line 2466
[] \U/matha/m/n/10  []  \OML/cmm/m/it/10 ^^Y[]\U/matha/m/n/10 p\OML/cmm/m/it/10 S\U/matha/m/n/10 q [] \OML/cmm/m/it/10 ^^Y[] [] [] ^^Y[] [] \U/matha/m/n/10  []  []
 []

<Humphreys-generators.jpeg, id=557, 2055.68pt x 681.54625pt>
File: Humphreys-generators.jpeg Graphic file (type jpg)
<use Humphreys-generators.jpeg>
Package pdftex.def Info: Humphreys-generators.jpeg  used on input line 2557.
(pdftex.def)             Requested size: 288.0011pt x 95.47821pt.
[27]
Overfull \hbox (1.90128pt too wide) in paragraph at lines 2595--2602
 \T1/cmr/m/n/10 5.6.\T1/cmr/bx/n/10 The Birman-Hilden The-o-rem.[][] \T1/cmr/m/n/10 Let $\OML/cmm/m/it/10 ^^S$ \T1/cmr/m/n/10 be the or-der $\OT1/cmr/m/n/10 2$ \T1/cmr/m/n/10 el-e-ment of $[][] []$
 []

<birman-hilden-double-cover.png, id=568, 601.24625pt x 392.46625pt>
File: birman-hilden-double-cover.png Graphic file (type png)
<use birman-hilden-double-cover.png>
Package pdftex.def Info: birman-hilden-double-cover.png  used on input line 2610.
(pdftex.def)             Requested size: 216.0022pt x 140.9943pt.
[28 <./Humphreys-generators.jpeg> <./birman-hilden-double-cover.png>]
<Birman-Hilden-two-symmetric-boundary-components.jpeg, id=583, 2055.68pt x 1269.74374pt>
File: Birman-Hilden-two-symmetric-boundary-components.jpeg Graphic file (type jpg)
<use Birman-Hilden-two-symmetric-boundary-components.jpeg>
Package pdftex.def Info: Birman-Hilden-two-symmetric-boundary-components.jpeg  used on input line 2739.
(pdftex.def)             Requested size: 108.0011pt x 66.7071pt.
 [29 <./Birman-Hilden-two-symmetric-boundary-components.jpeg>]
<homology-basis-of-torus-and-double-torus.jpg, id=594, 1766.6pt x 636.3775pt>
File: homology-basis-of-torus-and-double-torus.jpg Graphic file (type jpg)
<use homology-basis-of-torus-and-double-torus.jpg>
Package pdftex.def Info: homology-basis-of-torus-and-double-torus.jpg  used on input line 2786.
(pdftex.def)             Requested size: 288.0011pt x 103.74512pt.

Underfull \hbox (badness 10000) in paragraph at lines 2847--2862

 []

[30 <./homology-basis-of-torus-and-double-torus.jpg>]
Overfull \hbox (2.0864pt too wide) detected at line 2925
[]
 []


Overfull \hbox (28.23215pt too wide) in paragraph at lines 2932--2947
[]\U/matha/m/n/10 p\OML/cmm/m/it/10 S[]\U/matha/m/n/10 q$ \T1/cmr/m/n/10 is mapped to $[]$. Since the com-po-si-tion $[][]\U/matha/m/n/10 p\OML/cmm/m/it/10 S[]\U/matha/m/n/10 q  [][] [] 
 []

[31]
Overfull \hbox (20.33705pt too wide) in paragraph at lines 3003--3009
[][]\T1/cmr/bx/n/10 Definition 6.2 \T1/cmr/m/n/10 (Monoidal cat-e-gory)\T1/cmr/bx/n/10 . []\T1/cmr/m/n/10 A monoidal cat-e-gory is a tu-ple $\OML/cmm/m/it/10 V \U/matha/m/n/10 ^^P []$
 []


Underfull \hbox (badness 10000) in paragraph at lines 3015--3021

 []


Underfull \hbox (badness 10000) in paragraph at lines 3034--3038

 []

[32]
Underfull \hbox (badness 10000) in paragraph at lines 3147--3149

 []

[33]
<braids-monoidal-structure.jpeg, id=626, 1606.0pt x 374.39874pt>
File: braids-monoidal-structure.jpeg Graphic file (type jpg)
<use braids-monoidal-structure.jpeg>
Package pdftex.def Info: braids-monoidal-structure.jpeg  used on input line 3239.
(pdftex.def)             Requested size: 360.0pt x 83.92188pt.
<braiding-on-braid-groupoid.jpeg, id=627, 3011.25pt x 1427.3325pt>
File: braiding-on-braid-groupoid.jpeg Graphic file (type jpg)
<use braiding-on-braid-groupoid.jpeg>
Package pdftex.def Info: braiding-on-braid-groupoid.jpeg  used on input line 3252.
(pdftex.def)             Requested size: 216.0022pt x 102.38454pt.
 [34 <./braids-monoidal-structure.jpeg>]
<braiding-on-braid-groupoid-2.jpeg, id=636, 1531.7225pt x 925.4575pt>
File: braiding-on-braid-groupoid-2.jpeg Graphic file (type jpg)
<use braiding-on-braid-groupoid-2.jpeg>
Package pdftex.def Info: braiding-on-braid-groupoid-2.jpeg  used on input line 3259.
(pdftex.def)             Requested size: 126.0022pt x 76.12807pt.
<inverse-braiding.jpeg, id=637, 3011.25pt x 1735.48375pt>
File: inverse-braiding.jpeg Graphic file (type jpg)
<use inverse-braiding.jpeg>
Package pdftex.def Info: inverse-braiding.jpeg  used on input line 3267.
(pdftex.def)             Requested size: 143.9978pt x 82.96596pt.

Overfull \hbox (55.8725pt too wide) detected at line 3309
[][]
 []

[35 <./braiding-on-braid-groupoid.jpeg> <./braiding-on-braid-groupoid-2.jpeg> <./inverse-braiding.jpeg>]
Overfull \hbox (3.41042pt too wide) in paragraph at lines 3344--3354
[][]\T1/cmr/bx/n/10 Example 6.9. []\T1/cmr/m/n/10 If $\OMS/cmsy/m/n/10 X \U/matha/m/n/10 ^^P []$ \T1/cmr/m/n/10 ad-mits a braid-ing $\OML/cmm/m/it/10 b$\T1/cmr/m/n/10 , then $\OML/cmm/m/it/10 ^^\ \U/matha/m/n/10 ^^P \OML/cmm/m/it/10 b[] \U/matha/m/n/10 P [][] []$
 []


Underfull \hbox (badness 10000) in paragraph at lines 3408--3413

 []


Overfull \hbox (11.02051pt too wide) in paragraph at lines 3443--3449
\T1/cmr/m/n/10 rated sur-faces and mor-phisms are iso-topy classes of dif-feo-mor-phisms/homeomorphisms
 []

[36]
<connected-sum.png, id=656, 420.57124pt x 372.39125pt>
File: connected-sum.png Graphic file (type png)
<use connected-sum.png>
Package pdftex.def Info: connected-sum.png  used on input line 3471.
(pdftex.def)             Requested size: 126.0022pt x 111.5648pt.

Underfull \hbox (badness 10000) in paragraph at lines 3476--3482

 []


Underfull \hbox (badness 10000) in paragraph at lines 3483--3487

 []

<B1.jpg, id=660, 1792.6975pt x 1063.975pt>
File: B1.jpg Graphic file (type jpg)
<use B1.jpg>
Package pdftex.def Info: B1.jpg  used on input line 3506.
(pdftex.def)             Requested size: 277.20032pt x 164.50854pt.

Overfull \hbox (25.20142pt too wide) in paragraph at lines 3506--3507
 [][] 
 []

<B2.jpg, id=661, 2055.68pt x 1688.3075pt>
File: B2.jpg Graphic file (type jpg)
<use B2.jpg>
Package pdftex.def Info: B2.jpg  used on input line 3510.
(pdftex.def)             Requested size: 226.79747pt x 186.25539pt.

Underfull \vbox (badness 10000) has occurred while \output is active []

 [37 <./connected-sum.png>]
Underfull \hbox (badness 10000) in paragraph at lines 3514--3529

 []


Underfull \hbox (badness 10000) in paragraph at lines 3514--3529

 []

[38 <./B1.jpg> <./B2.jpg>]
<bidecorated-attaching.jpeg, id=678, 1505.625pt x 1114.1625pt>
File: bidecorated-attaching.jpeg Graphic file (type jpg)
<use bidecorated-attaching.jpeg>
Package pdftex.def Info: bidecorated-attaching.jpeg  used on input line 3584.
(pdftex.def)             Requested size: 216.0022pt x 159.84085pt.
<bidecorated-second-attaching.jpeg, id=679, 3216.015pt x 1252.68pt>
File: bidecorated-second-attaching.jpeg Graphic file (type jpg)
<use bidecorated-second-attaching.jpeg>
Package pdftex.def Info: bidecorated-second-attaching.jpeg  used on input line 3591.
(pdftex.def)             Requested size: 216.0022pt x 84.12218pt.
 [39 <./bidecorated-attaching.jpeg> <./bidecorated-second-attaching.jpeg>]
Overfull \hbox (30.98196pt too wide) detected at line 3675
[][] [] \U/matha/m/n/10 ^^P \OML/cmm/m/it/10 ^^Y[][][] [] \U/matha/m/n/10 ^^P \OML/cmm/m/it/10 ^^Y[] []
 []


Overfull \hbox (44.43192pt too wide) in paragraph at lines 3706--3713
\T1/cmr/m/n/10 is ob-tained us-ing the canon-i-cal iden-ti-fi-ca-tion $\U/matha/m/n/10 B\OML/cmm/m/it/10 X[] \U/matha/m/n/10 ^^S [] Y []$\T1/cmr/m/n/10 . 
 []


Overfull \hbox (1.40732pt too wide) in paragraph at lines 3714--3725
\OML/cmm/m/it/10 D[]\U/matha/m/n/10 6[] [] 6[] [] 6[] [] 6[]\OML/cmm/m/it/10 D[]$\T1/cmr/m/n/10 , where sub-scripts are used to enu-mer-ate the disks.
 []

<curvem2.png, id=688, 345.29pt x 323.2075pt>
File: curvem2.png Graphic file (type png)
<use curvem2.png>
Package pdftex.def Info: curvem2.png  used on input line 3728.
(pdftex.def)             Requested size: 143.9978pt x 134.78946pt.

Underfull \vbox (badness 1831) has occurred while \output is active []

 [40]
<intersection-a_is.png, id=698, 557.08125pt x 373.395pt>
File: intersection-a_is.png Graphic file (type png)
<use intersection-a_is.png>
Package pdftex.def Info: intersection-a_is.png  used on input line 3748.
(pdftex.def)             Requested size: 216.0022pt x 144.78023pt.

Underfull \hbox (badness 10000) in paragraph at lines 3769--3774

 []

[41 <./curvem2.png> <./intersection-a_is.png>]
Overfull \hbox (11.78471pt too wide) in paragraph at lines 3795--3808
\OT1/cmr/m/n/10 ^^H[] [] \U/matha/m/n/10 ^^P \OML/cmm/m/it/10 D[]\U/matha/m/n/10 6[]\OML/cmm/m/it/10 T[]\U/matha/m/n/10 6[]\OML/cmm/m/it/10 D[] \U/matha/m/n/10 ^^P \OML/cmm/m/it/10 T[] \U/matha/m/n/10 P [][] [] ^^P \OML/cmm/m/it/10 ^^Y[][][] []$\T1/cmr/m/n/10 .
 []


Overfull \hbox (20.63118pt too wide) detected at line 3821
\OT1/cmr/m/n/10 ^^H[] \U/matha/m/n/10 ^^P \OT1/cmr/m/n/10 ^^H[] [] [] \OML/cmm/m/it/10 B[] \U/matha/m/n/10  [][] [] ^^S [][] [] ^^S [] \OML/cmm/m/it/10 :
 []


Underfull \hbox (badness 10000) in paragraph at lines 3843--3848

 []


Underfull \hbox (badness 10000) in paragraph at lines 3849--3851

 []


Underfull \hbox (badness 10000) in paragraph at lines 3849--3851

 []

<mapping-cylinder-mobius.jpg, id=715, 1895.08pt x 652.4375pt>
File: mapping-cylinder-mobius.jpg Graphic file (type jpg)
<use mapping-cylinder-mobius.jpg>
Package pdftex.def Info: mapping-cylinder-mobius.jpg  used on input line 3865.
(pdftex.def)             Requested size: 251.9989pt x 86.75119pt.

Underfull \hbox (badness 10000) in paragraph at lines 3870--3874

 []

[42 <./mapping-cylinder-mobius.jpg>]
<klein-bottle.jpg, id=722, 1656.1875pt x 297.11pt>
File: klein-bottle.jpg Graphic file (type jpg)
<use klein-bottle.jpg>
Package pdftex.def Info: klein-bottle.jpg  used on input line 3896.
(pdftex.def)             Requested size: 431.9989pt x 77.49611pt.

Overfull \hbox (71.9989pt too wide) in paragraph at lines 3896--3897
 [][] 
 []

<N_3,1.jpg, id=724, 710.655pt x 476.78125pt>
File: N_3,1.jpg Graphic file (type jpg)
<use N_3,1.jpg>
Package pdftex.def Info: N_3,1.jpg  used on input line 3933.
(pdftex.def)             Requested size: 360.0pt x 241.53287pt.

Underfull \vbox (badness 10000) has occurred while \output is active []

 [43 <./klein-bottle.jpg>]
Underfull \hbox (badness 10000) in paragraph at lines 3943--3948

 []


Underfull \hbox (badness 10000) in paragraph at lines 3943--3948

 []

<standard-chain.png, id=735, 527.9725pt x 187.70125pt>
File: standard-chain.png Graphic file (type png)
<use standard-chain.png>
Package pdftex.def Info: standard-chain.png  used on input line 3979.
(pdftex.def)             Requested size: 288.0011pt x 102.38823pt.

Underfull \vbox (badness 10000) has occurred while \output is active []

 [44 <./N_3,1.jpg>]
<mobius-decorated.jpg, id=752, 2055.68pt x 1178.4025pt>
File: mobius-decorated.jpg Graphic file (type jpg)
<use mobius-decorated.jpg>
Package pdftex.def Info: mobius-decorated.jpg  used on input line 4020.
(pdftex.def)             Requested size: 143.9978pt x 82.53256pt.
<Ng1.jpg, id=753, 1899.095pt x 1069.9975pt>
File: Ng1.jpg Graphic file (type jpg)
<use Ng1.jpg>
Package pdftex.def Info: Ng1.jpg  used on input line 4027.
(pdftex.def)             Requested size: 288.0011pt x 162.256pt.

Underfull \vbox (badness 10000) has occurred while \output is active []

 [45 <./standard-chain.png> <./mobius-decorated.jpg>]
<part1-deformation-curve.jpg, id=770, 2055.68pt x 1860.9525pt>
File: part1-deformation-curve.jpg Graphic file (type jpg)
<use part1-deformation-curve.jpg>
Package pdftex.def Info: part1-deformation-curve.jpg  used on input line 4108.
(pdftex.def)             Requested size: 288.0011pt x 260.70195pt.
<part2-deformation-curve.jpg, id=771, 1579.9025pt x 939.51pt>
File: part2-deformation-curve.jpg Graphic file (type jpg)
<use part2-deformation-curve.jpg>
Package pdftex.def Info: part2-deformation-curve.jpg  used on input line 4117.
(pdftex.def)             Requested size: 288.0011pt x 171.25487pt.
<klein-to-torus-curve.jpg, id=772, 1638.12pt x 788.9475pt>
File: klein-to-torus-curve.jpg Graphic file (type jpg)
<use klein-to-torus-curve.jpg>
Package pdftex.def Info: klein-to-torus-curve.jpg  used on input line 4125.
(pdftex.def)             Requested size: 288.0011pt x 138.7059pt.
<many-klein-torus-curve.jpg, id=773, 2055.68pt x 1889.0575pt>
File: many-klein-torus-curve.jpg Graphic file (type jpg)
<use many-klein-torus-curve.jpg>
Package pdftex.def Info: many-klein-torus-curve.jpg  used on input line 4133.
(pdftex.def)             Requested size: 180.0pt x 165.39589pt.
 [46 <./Ng1.jpg>] [47 <./part1-deformation-curve.jpg> <./part2-deformation-curve.jpg>]
<chain-separating-curves.png, id=790, 593.21625pt x 211.79124pt>
File: chain-separating-curves.png Graphic file (type png)
<use chain-separating-curves.png>
Package pdftex.def Info: chain-separating-curves.png  used on input line 4200.
(pdftex.def)             Requested size: 216.0022pt x 77.11734pt.
 [48 <./klein-to-torus-curve.jpg> <./many-klein-torus-curve.jpg>]
Overfull \hbox (9.11473pt too wide) in paragraph at lines 4272--4275
[][]\T1/cmr/bx/n/10 Theorem 7.11. []\T1/cmr/m/it/10 The-o-rem [][]7.10[][] still holds when $[]\U/matha/m/n/10 p\OML/cmm/m/it/10 N\U/matha/m/n/10 q$ \T1/cmr/m/it/10 is re-placed by $[] []$. 
 []


Underfull \hbox (badness 10000) in paragraph at lines 4277--4287

 []

[49 <./chain-separating-curves.png>]
Overfull \hbox (17.40848pt too wide) in paragraph at lines 4333--4342
[][]\T1/cmr/bx/n/10 Definition 8.4 \T1/cmr/m/n/10 (Ho-mo-topic hy-per-bolic struc-tures)\T1/cmr/bx/n/10 . []\T1/cmr/m/n/10 Two hy-per-bolic struc-tures $\OML/cmm/m/it/10 '[] [] [] S \U/matha/m/n/10 
 []

<teichmuller-example-1.png, id=817, 820.06375pt x 331.2375pt>
File: teichmuller-example-1.png Graphic file (type png)
<use teichmuller-example-1.png>
Package pdftex.def Info: teichmuller-example-1.png  used on input line 4374.
(pdftex.def)             Requested size: 288.0011pt x 116.32909pt.
[50 <./teichmuller-example-1.png>] [51]
Overfull \hbox (20.79688pt too wide) in paragraph at lines 4476--4489
[][]\T1/cmr/bx/n/10 Definition 9.4 \T1/cmr/m/n/10 (Ori-en-ta-tion)\T1/cmr/bx/n/10 . []\T1/cmr/m/n/10 A closed $\OML/cmm/m/it/10 n$\T1/cmr/m/n/10 -manifold $\OML/cmm/m/it/10 M$ \T1/cmr/m/n/10 is called ori-entable if $\OML/cmm/m/it/10 H[] [] \U/matha/m/n/10 ^^P
 []

[52] [53]
LaTeX Font Info:    Trying to load font information for T1+cmtt on input line 4636.
 (/usr/share/texlive/texmf-dist/tex/latex/base/t1cmtt.fd
File: t1cmtt.fd 2023/04/13 v2.5m Standard LaTeX font definitions
) [54] (./mcg-notes-2.aux)
 ***********
LaTeX2e <2023-11-01> patch level 1
L3 programming layer <2024-01-22>
 ***********


LaTeX Warning: There were multiply-defined labels.

Package rerunfilecheck Info: File `mcg-notes-2.out' has not changed.
(rerunfilecheck)             Checksum: 580292507ED6191F65E3F69C5BE24BAF;7900.
Package logreq Info: Writing requests to 'mcg-notes-2.run.xml'.
\openout1 = `mcg-notes-2.run.xml'.

 ) 
Here is how much of TeX's memory you used:
 35003 strings out of 474222
 671628 string characters out of 5748733
 1968975 words of memory out of 5000000
 56270 multiletter control sequences out of 15000+600000
 577642 words of font info for 91 fonts, out of 8000000 for 9000
 1302 hyphenation exceptions out of 8191
 98i,16n,117p,684b,2003s stack positions out of 10000i,1000n,20000p,200000b,200000s
 </home/jonas-trepiakas/.texlive2023/texmf-var/fonts/pk/ljfour/public/bbm/bbm10.600pk></usr/share/texlive/texmf-dist/fonts/type1/public/amsfonts/cm/cmex10.pfb></usr/share/texlive/texmf-dist/fonts/type1/public/amsfonts/cm/cmmi10.pfb></usr/share/texlive/texmf-dist/fonts/type1/public/amsfonts/cm/cmmi5.pfb></usr/share/texlive/texmf-dist/fonts/type1/public/amsfonts/cm/cmmi7.pfb></usr/share/texlive/texmf-dist/fonts/type1/public/amsfonts/cm/cmr10.pfb></usr/share/texlive/texmf-dist/fonts/type1/public/amsfonts/cm/cmr5.pfb></usr/share/texlive/texmf-dist/fonts/type1/public/amsfonts/cm/cmr7.pfb></usr/share/texlive/texmf-dist/fonts/type1/public/amsfonts/cm/cmsy10.pfb></usr/share/texlive/texmf-dist/fonts/type1/public/amsfonts/cm/cmsy7.pfb></usr/share/texlive/texmf-dist/fonts/type1/public/mathabx-type1/matha10.pfb></usr/share/texlive/texmf-dist/fonts/type1/public/mathabx-type1/matha5.pfb></usr/share/texlive/texmf-dist/fonts/type1/public/mathabx-type1/matha7.pfb></usr/share/texlive/texmf-dist/fonts/type1/public/mathabx-type1/mathb10.pfb></usr/share/texlive/texmf-dist/fonts/type1/public/mathabx-type1/mathx10.pfb></usr/share/texlive/texmf-dist/fonts/type1/public/amsfonts/symbols/msam10.pfb></usr/share/texlive/texmf-dist/fonts/type1/public/amsfonts/symbols/msbm10.pfb></usr/share/texmf/fonts/type1/public/cm-super/sfbx1000.pfb></usr/share/texmf/fonts/type1/public/cm-super/sfcc0900.pfb></usr/share/texmf/fonts/type1/public/cm-super/sfcc1000.pfb></usr/share/texmf/fonts/type1/public/cm-super/sfrm0700.pfb></usr/share/texmf/fonts/type1/public/cm-super/sfrm0800.pfb></usr/share/texmf/fonts/type1/public/cm-super/sfrm0900.pfb></usr/share/texmf/fonts/type1/public/cm-super/sfrm1000.pfb></usr/share/texmf/fonts/type1/public/cm-super/sfti1000.pfb></usr/share/texmf/fonts/type1/public/cm-super/sftt1000.pfb>
Output written on mcg-notes-2.pdf (54 pages, 3535418 bytes).
PDF statistics:
 1053 PDF objects out of 1200 (max. 8388607)
 859 compressed objects within 9 object streams
 310 named destinations out of 1000 (max. 500000)
 524 words of extra memory for PDF output out of 10000 (max. 10000000)

