This is pdfTeX, Version 3.141592653-2.6-1.40.25 (TeX Live 2023/Debian) (preloaded format=pdflatex 2024.6.25)  9 MAY 2025 02:50
entering extended mode
 restricted \write18 enabled.
 file:line:error style messages enabled.
 %&-line parsing enabled.
**notes.tex
(./notes.tex
LaTeX2e <2023-11-01> patch level 1
L3 programming layer <2024-01-22>
(/usr/share/texlive/texmf-dist/tex/latex/amscls/amsart.cls
Document Class: amsart 2020/05/29 v2.20.6
\linespacing=\dimen140
\normalparindent=\dimen141
\normaltopskip=\skip48
(/usr/share/texlive/texmf-dist/tex/latex/amsmath/amsmath.sty
Package: amsmath 2023/05/13 v2.17o AMS math features
\@mathmargin=\skip49

For additional information on amsmath, use the `?' option.
(/usr/share/texlive/texmf-dist/tex/latex/amsmath/amstext.sty
Package: amstext 2021/08/26 v2.01 AMS text
 (/usr/share/texlive/texmf-dist/tex/latex/amsmath/amsgen.sty
File: amsgen.sty 1999/11/30 v2.0 generic functions
\@emptytoks=\toks17
\ex@=\dimen142
)) (/usr/share/texlive/texmf-dist/tex/latex/amsmath/amsbsy.sty
Package: amsbsy 1999/11/29 v1.2d Bold Symbols
\pmbraise@=\dimen143
) (/usr/share/texlive/texmf-dist/tex/latex/amsmath/amsopn.sty
Package: amsopn 2022/04/08 v2.04 operator names
)
\inf@bad=\count187
LaTeX Info: Redefining \frac on input line 234.
\uproot@=\count188
\leftroot@=\count189
LaTeX Info: Redefining \overline on input line 399.
LaTeX Info: Redefining \colon on input line 410.
\classnum@=\count190
\DOTSCASE@=\count191
LaTeX Info: Redefining \ldots on input line 496.
LaTeX Info: Redefining \dots on input line 499.
LaTeX Info: Redefining \cdots on input line 620.
\Mathstrutbox@=\box51
\strutbox@=\box52
LaTeX Info: Redefining \big on input line 722.
LaTeX Info: Redefining \Big on input line 723.
LaTeX Info: Redefining \bigg on input line 724.
LaTeX Info: Redefining \Bigg on input line 725.
\big@size=\dimen144
LaTeX Font Info:    Redeclaring font encoding OML on input line 743.
LaTeX Font Info:    Redeclaring font encoding OMS on input line 744.
\macc@depth=\count192
LaTeX Info: Redefining \bmod on input line 905.
LaTeX Info: Redefining \pmod on input line 910.
LaTeX Info: Redefining \smash on input line 940.
LaTeX Info: Redefining \relbar on input line 970.
LaTeX Info: Redefining \Relbar on input line 971.
\c@MaxMatrixCols=\count193
\dotsspace@=\muskip16
\c@parentequation=\count194
\dspbrk@lvl=\count195
\tag@help=\toks18
\row@=\count196
\column@=\count197
\maxfields@=\count198
\andhelp@=\toks19
\eqnshift@=\dimen145
\alignsep@=\dimen146
\tagshift@=\dimen147
\tagwidth@=\dimen148
\totwidth@=\dimen149
\lineht@=\dimen150
\@envbody=\toks20
\multlinegap=\skip50
\multlinetaggap=\skip51
\mathdisplay@stack=\toks21
LaTeX Info: Redefining \[ on input line 2953.
LaTeX Info: Redefining \] on input line 2954.
)
LaTeX Font Info:    Trying to load font information for U+msa on input line 397.
 (/usr/share/texlive/texmf-dist/tex/latex/amsfonts/umsa.fd
File: umsa.fd 2013/01/14 v3.01 AMS symbols A
) (/usr/share/texlive/texmf-dist/tex/latex/amsfonts/amsfonts.sty
Package: amsfonts 2013/01/14 v3.01 Basic AMSFonts support
\symAMSa=\mathgroup4
\symAMSb=\mathgroup5
LaTeX Font Info:    Redeclaring math symbol \hbar on input line 98.
LaTeX Font Info:    Overwriting math alphabet `\mathfrak' in version `bold'
(Font)                  U/euf/m/n --> U/euf/b/n on input line 106.
)
\copyins=\insert199
\abstractbox=\box53
\listisep=\skip52
\c@part=\count266
\c@section=\count267
\c@subsection=\count268
\c@subsubsection=\count269
\c@paragraph=\count270
\c@subparagraph=\count271
\c@figure=\count272
\c@table=\count273
\abovecaptionskip=\skip53
\belowcaptionskip=\skip54
\captionindent=\dimen151
\thm@style=\toks22
\thm@bodyfont=\toks23
\thm@headfont=\toks24
\thm@notefont=\toks25
\thm@headpunct=\toks26
\thm@preskip=\skip55
\thm@postskip=\skip56
\thm@headsep=\skip57
\dth@everypar=\toks27
) (/usr/share/texlive/texmf-dist/tex/latex/amsmath/amscd.sty
Package: amscd 2017/04/14 v2.1 AMS Commutative Diagrams
\athelp@=\toks28
\minaw@=\dimen152
\bigaw@=\dimen153
\minCDarrowwidth=\dimen154
) (/usr/share/texlive/texmf-dist/tex/latex/amsfonts/amssymb.sty
Package: amssymb 2013/01/14 v3.01 AMS font symbols
) (/usr/share/texlive/texmf-dist/tex/latex/graphics/graphicx.sty
Package: graphicx 2021/09/16 v1.2d Enhanced LaTeX Graphics (DPC,SPQR)
 (/usr/share/texlive/texmf-dist/tex/latex/graphics/keyval.sty
Package: keyval 2022/05/29 v1.15 key=value parser (DPC)
\KV@toks@=\toks29
) (/usr/share/texlive/texmf-dist/tex/latex/graphics/graphics.sty
Package: graphics 2022/03/10 v1.4e Standard LaTeX Graphics (DPC,SPQR)
 (/usr/share/texlive/texmf-dist/tex/latex/graphics/trig.sty
Package: trig 2021/08/11 v1.11 sin cos tan (DPC)
) (/usr/share/texlive/texmf-dist/tex/latex/graphics-cfg/graphics.cfg
File: graphics.cfg 2016/06/04 v1.11 sample graphics configuration
)
Package graphics Info: Driver file: pdftex.def on input line 107.
 (/usr/share/texlive/texmf-dist/tex/latex/graphics-def/pdftex.def
File: pdftex.def 2022/09/22 v1.2b Graphics/color driver for pdftex
))
\Gin@req@height=\dimen155
\Gin@req@width=\dimen156
) (/usr/share/texlive/texmf-dist/tex/latex/hyperref/hyperref.sty
Package: hyperref 2024-01-20 v7.01h Hypertext links for LaTeX
 (/usr/share/texlive/texmf-dist/tex/generic/iftex/iftex.sty
Package: iftex 2022/02/03 v1.0f TeX engine tests
) (/usr/share/texlive/texmf-dist/tex/latex/kvsetkeys/kvsetkeys.sty
Package: kvsetkeys 2022-10-05 v1.19 Key value parser (HO)
) (/usr/share/texlive/texmf-dist/tex/generic/kvdefinekeys/kvdefinekeys.sty
Package: kvdefinekeys 2019-12-19 v1.6 Define keys (HO)
) (/usr/share/texlive/texmf-dist/tex/generic/pdfescape/pdfescape.sty
Package: pdfescape 2019/12/09 v1.15 Implements pdfTeX's escape features (HO)
 (/usr/share/texlive/texmf-dist/tex/generic/ltxcmds/ltxcmds.sty
Package: ltxcmds 2023-12-04 v1.26 LaTeX kernel commands for general use (HO)
) (/usr/share/texlive/texmf-dist/tex/generic/pdftexcmds/pdftexcmds.sty
Package: pdftexcmds 2020-06-27 v0.33 Utility functions of pdfTeX for LuaTeX (HO)
 (/usr/share/texlive/texmf-dist/tex/generic/infwarerr/infwarerr.sty
Package: infwarerr 2019/12/03 v1.5 Providing info/warning/error messages (HO)
)
Package pdftexcmds Info: \pdf@primitive is available.
Package pdftexcmds Info: \pdf@ifprimitive is available.
Package pdftexcmds Info: \pdfdraftmode found.
)) (/usr/share/texlive/texmf-dist/tex/latex/hycolor/hycolor.sty
Package: hycolor 2020-01-27 v1.10 Color options for hyperref/bookmark (HO)
) (/usr/share/texlive/texmf-dist/tex/latex/auxhook/auxhook.sty
Package: auxhook 2019-12-17 v1.6 Hooks for auxiliary files (HO)
) (/usr/share/texlive/texmf-dist/tex/latex/hyperref/nameref.sty
Package: nameref 2023-11-26 v2.56 Cross-referencing by name of section
 (/usr/share/texlive/texmf-dist/tex/latex/refcount/refcount.sty
Package: refcount 2019/12/15 v3.6 Data extraction from label references (HO)
) (/usr/share/texlive/texmf-dist/tex/generic/gettitlestring/gettitlestring.sty
Package: gettitlestring 2019/12/15 v1.6 Cleanup title references (HO)
 (/usr/share/texlive/texmf-dist/tex/latex/kvoptions/kvoptions.sty
Package: kvoptions 2022-06-15 v3.15 Key value format for package options (HO)
))
\c@section@level=\count274
) (/usr/share/texlive/texmf-dist/tex/latex/etoolbox/etoolbox.sty
Package: etoolbox 2020/10/05 v2.5k e-TeX tools for LaTeX (JAW)
\etb@tempcnta=\count275
)
\@linkdim=\dimen157
\Hy@linkcounter=\count276
\Hy@pagecounter=\count277
 (/usr/share/texlive/texmf-dist/tex/latex/hyperref/pd1enc.def
File: pd1enc.def 2024-01-20 v7.01h Hyperref: PDFDocEncoding definition (HO)
Now handling font encoding PD1 ...
... no UTF-8 mapping file for font encoding PD1
) (/usr/share/texlive/texmf-dist/tex/generic/intcalc/intcalc.sty
Package: intcalc 2019/12/15 v1.3 Expandable calculations with integers (HO)
)
\Hy@SavedSpaceFactor=\count278

(/usr/share/texlive/texmf-dist/tex/latex/hyperref/puenc.def
File: puenc.def 2024-01-20 v7.01h Hyperref: PDF Unicode definition (HO)
Now handling font encoding PU ...
... no UTF-8 mapping file for font encoding PU
)
Package hyperref Info: Option `colorlinks' set `true' on input line 4062.
Package hyperref Info: Hyper figures OFF on input line 4179.
Package hyperref Info: Link nesting OFF on input line 4184.
Package hyperref Info: Hyper index ON on input line 4187.
Package hyperref Info: Plain pages OFF on input line 4194.
Package hyperref Info: Backreferencing OFF on input line 4199.
Package hyperref Info: Implicit mode ON; LaTeX internals redefined.
Package hyperref Info: Bookmarks ON on input line 4446.
\c@Hy@tempcnt=\count279
 (/usr/share/texlive/texmf-dist/tex/latex/url/url.sty
\Urlmuskip=\muskip17
Package: url 2013/09/16  ver 3.4  Verb mode for urls, etc.
)
LaTeX Info: Redefining \url on input line 4784.
\XeTeXLinkMargin=\dimen158
 (/usr/share/texlive/texmf-dist/tex/generic/bitset/bitset.sty
Package: bitset 2019/12/09 v1.3 Handle bit-vector datatype (HO)
 (/usr/share/texlive/texmf-dist/tex/generic/bigintcalc/bigintcalc.sty
Package: bigintcalc 2019/12/15 v1.5 Expandable calculations on big integers (HO)
))
\Fld@menulength=\count280
\Field@Width=\dimen159
\Fld@charsize=\dimen160
Package hyperref Info: Hyper figures OFF on input line 6063.
Package hyperref Info: Link nesting OFF on input line 6068.
Package hyperref Info: Hyper index ON on input line 6071.
Package hyperref Info: backreferencing OFF on input line 6078.
Package hyperref Info: Link coloring ON on input line 6081.
Package hyperref Info: Link coloring with OCG OFF on input line 6088.
Package hyperref Info: PDF/A mode OFF on input line 6093.
 (/usr/share/texlive/texmf-dist/tex/latex/base/atbegshi-ltx.sty
Package: atbegshi-ltx 2021/01/10 v1.0c Emulation of the original atbegshi
package with kernel methods
)
\Hy@abspage=\count281
\c@Item=\count282
\c@Hfootnote=\count283
)
Package hyperref Info: Driver (autodetected): hpdftex.
 (/usr/share/texlive/texmf-dist/tex/latex/hyperref/hpdftex.def
File: hpdftex.def 2024-01-20 v7.01h Hyperref driver for pdfTeX
 (/usr/share/texlive/texmf-dist/tex/latex/base/atveryend-ltx.sty
Package: atveryend-ltx 2020/08/19 v1.0a Emulation of the original atveryend package
with kernel methods
)
\Fld@listcount=\count284
\c@bookmark@seq@number=\count285
 (/usr/share/texlive/texmf-dist/tex/latex/rerunfilecheck/rerunfilecheck.sty
Package: rerunfilecheck 2022-07-10 v1.10 Rerun checks for auxiliary files (HO)
 (/usr/share/texlive/texmf-dist/tex/generic/uniquecounter/uniquecounter.sty
Package: uniquecounter 2019/12/15 v1.4 Provide unlimited unique counter (HO)
)
Package uniquecounter Info: New unique counter `rerunfilecheck' on input line 285.
)
\Hy@SectionHShift=\skip58
) (/usr/share/texlive/texmf-dist/tex/latex/base/inputenc.sty
Package: inputenc 2021/02/14 v1.3d Input encoding file
\inpenc@prehook=\toks30
\inpenc@posthook=\toks31
) (/usr/share/texlive/texmf-dist/tex/latex/base/fontenc.sty
Package: fontenc 2021/04/29 v2.0v Standard LaTeX package
) (/usr/share/texlive/texmf-dist/tex/latex/base/textcomp.sty
Package: textcomp 2020/02/02 v2.0n Standard LaTeX package
) (/usr/share/texlive/texmf-dist/tex/generic/babel/babel.sty
Package: babel 2024/01/07 v24.1 The Babel package
\babel@savecnt=\count286
\U@D=\dimen161
\l@unhyphenated=\language89
 (/usr/share/texlive/texmf-dist/tex/generic/babel/txtbabel.def)
\bbl@readstream=\read2
\bbl@dirlevel=\count287
Package babel Info: You haven't specified a language as a class or package
(babel)             option. I'll load 'nil'. Reported on input line 4342.
 (/usr/share/texlive/texmf-dist/tex/generic/babel/nil.ldf
Language: nil 2024/01/07 v24.1 Nil language
\l@nil=\language90
)) (/usr/share/texlive/texmf-dist/tex/latex/bbm-macros/bbm.sty
Package: bbm 1999/03/15 V 1.2 provides fonts for set symbols - TH
LaTeX Font Info:    Overwriting math alphabet `\mathbbm' in version `bold'
(Font)                  U/bbm/m/n --> U/bbm/bx/n on input line 33.
LaTeX Font Info:    Overwriting math alphabet `\mathbbmss' in version `bold'
(Font)                  U/bbmss/m/n --> U/bbmss/bx/n on input line 35.
) (/usr/share/texlive/texmf-dist/tex/latex/tikz-cd/tikz-cd.sty
Package: tikz-cd 2021/05/04 v1.0 Commutative diagrams with TikZ
 (/usr/share/texlive/texmf-dist/tex/latex/pgf/frontendlayer/tikz.sty (/usr/share/texlive/texmf-dist/tex/latex/pgf/basiclayer/pgf.sty (/usr/share/texlive/texmf-dist/tex/latex/pgf/utilities/pgfrcs.sty (/usr/share/texlive/texmf-dist/tex/generic/pgf/utilities/pgfutil-common.tex
\pgfutil@everybye=\toks32
\pgfutil@tempdima=\dimen162
\pgfutil@tempdimb=\dimen163
) (/usr/share/texlive/texmf-dist/tex/generic/pgf/utilities/pgfutil-latex.def
\pgfutil@abb=\box54
) (/usr/share/texlive/texmf-dist/tex/generic/pgf/utilities/pgfrcs.code.tex (/usr/share/texlive/texmf-dist/tex/generic/pgf/pgf.revision.tex)
Package: pgfrcs 2023-01-15 v3.1.10 (3.1.10)
))
Package: pgf 2023-01-15 v3.1.10 (3.1.10)
 (/usr/share/texlive/texmf-dist/tex/latex/pgf/basiclayer/pgfcore.sty (/usr/share/texlive/texmf-dist/tex/latex/pgf/systemlayer/pgfsys.sty (/usr/share/texlive/texmf-dist/tex/generic/pgf/systemlayer/pgfsys.code.tex
Package: pgfsys 2023-01-15 v3.1.10 (3.1.10)
 (/usr/share/texlive/texmf-dist/tex/generic/pgf/utilities/pgfkeys.code.tex
\pgfkeys@pathtoks=\toks33
\pgfkeys@temptoks=\toks34
 (/usr/share/texlive/texmf-dist/tex/generic/pgf/utilities/pgfkeyslibraryfiltered.code.tex
\pgfkeys@tmptoks=\toks35
))
\pgf@x=\dimen164
\pgf@y=\dimen165
\pgf@xa=\dimen166
\pgf@ya=\dimen167
\pgf@xb=\dimen168
\pgf@yb=\dimen169
\pgf@xc=\dimen170
\pgf@yc=\dimen171
\pgf@xd=\dimen172
\pgf@yd=\dimen173
\w@pgf@writea=\write3
\r@pgf@reada=\read3
\c@pgf@counta=\count288
\c@pgf@countb=\count289
\c@pgf@countc=\count290
\c@pgf@countd=\count291
\t@pgf@toka=\toks36
\t@pgf@tokb=\toks37
\t@pgf@tokc=\toks38
\pgf@sys@id@count=\count292

(/usr/share/texlive/texmf-dist/tex/generic/pgf/systemlayer/pgf.cfg
File: pgf.cfg 2023-01-15 v3.1.10 (3.1.10)
)
Driver file for pgf: pgfsys-pdftex.def
 (/usr/share/texlive/texmf-dist/tex/generic/pgf/systemlayer/pgfsys-pdftex.def
File: pgfsys-pdftex.def 2023-01-15 v3.1.10 (3.1.10)
 (/usr/share/texlive/texmf-dist/tex/generic/pgf/systemlayer/pgfsys-common-pdf.def
File: pgfsys-common-pdf.def 2023-01-15 v3.1.10 (3.1.10)
))) (/usr/share/texlive/texmf-dist/tex/generic/pgf/systemlayer/pgfsyssoftpath.code.tex
File: pgfsyssoftpath.code.tex 2023-01-15 v3.1.10 (3.1.10)
\pgfsyssoftpath@smallbuffer@items=\count293
\pgfsyssoftpath@bigbuffer@items=\count294
) (/usr/share/texlive/texmf-dist/tex/generic/pgf/systemlayer/pgfsysprotocol.code.tex
File: pgfsysprotocol.code.tex 2023-01-15 v3.1.10 (3.1.10)
)) (/usr/share/texlive/texmf-dist/tex/latex/xcolor/xcolor.sty
Package: xcolor 2023/11/15 v3.01 LaTeX color extensions (UK)
 (/usr/share/texlive/texmf-dist/tex/latex/graphics-cfg/color.cfg
File: color.cfg 2016/01/02 v1.6 sample color configuration
)
Package xcolor Info: Driver file: pdftex.def on input line 274.
 (/usr/share/texlive/texmf-dist/tex/latex/graphics/mathcolor.ltx)
Package xcolor Info: Model `cmy' substituted by `cmy0' on input line 1350.
Package xcolor Info: Model `hsb' substituted by `rgb' on input line 1354.
Package xcolor Info: Model `RGB' extended on input line 1366.
Package xcolor Info: Model `HTML' substituted by `rgb' on input line 1368.
Package xcolor Info: Model `Hsb' substituted by `hsb' on input line 1369.
Package xcolor Info: Model `tHsb' substituted by `hsb' on input line 1370.
Package xcolor Info: Model `HSB' substituted by `hsb' on input line 1371.
Package xcolor Info: Model `Gray' substituted by `gray' on input line 1372.
Package xcolor Info: Model `wave' substituted by `hsb' on input line 1373.
) (/usr/share/texlive/texmf-dist/tex/generic/pgf/basiclayer/pgfcore.code.tex
Package: pgfcore 2023-01-15 v3.1.10 (3.1.10)
 (/usr/share/texlive/texmf-dist/tex/generic/pgf/math/pgfmath.code.tex (/usr/share/texlive/texmf-dist/tex/generic/pgf/math/pgfmathutil.code.tex) (/usr/share/texlive/texmf-dist/tex/generic/pgf/math/pgfmathparser.code.tex
\pgfmath@dimen=\dimen174
\pgfmath@count=\count295
\pgfmath@box=\box55
\pgfmath@toks=\toks39
\pgfmath@stack@operand=\toks40
\pgfmath@stack@operation=\toks41
) (/usr/share/texlive/texmf-dist/tex/generic/pgf/math/pgfmathfunctions.code.tex) (/usr/share/texlive/texmf-dist/tex/generic/pgf/math/pgfmathfunctions.basic.code.tex) (/usr/share/texlive/texmf-dist/tex/generic/pgf/math/pgfmathfunctions.trigonometric.code.tex) (/usr/share/texlive/texmf-dist/tex/generic/pgf/math/pgfmathfunctions.random.code.tex) (/usr/share/texlive/texmf-dist/tex/generic/pgf/math/pgfmathfunctions.comparison.code.tex) (/usr/share/texlive/texmf-dist/tex/generic/pgf/math/pgfmathfunctions.base.code.tex) (/usr/share/texlive/texmf-dist/tex/generic/pgf/math/pgfmathfunctions.round.code.tex) (/usr/share/texlive/texmf-dist/tex/generic/pgf/math/pgfmathfunctions.misc.code.tex) (/usr/share/texlive/texmf-dist/tex/generic/pgf/math/pgfmathfunctions.integerarithmetics.code.tex) (/usr/share/texlive/texmf-dist/tex/generic/pgf/math/pgfmathcalc.code.tex) (/usr/share/texlive/texmf-dist/tex/generic/pgf/math/pgfmathfloat.code.tex
\c@pgfmathroundto@lastzeros=\count296
)) (/usr/share/texlive/texmf-dist/tex/generic/pgf/math/pgfint.code.tex) (/usr/share/texlive/texmf-dist/tex/generic/pgf/basiclayer/pgfcorepoints.code.tex
File: pgfcorepoints.code.tex 2023-01-15 v3.1.10 (3.1.10)
\pgf@picminx=\dimen175
\pgf@picmaxx=\dimen176
\pgf@picminy=\dimen177
\pgf@picmaxy=\dimen178
\pgf@pathminx=\dimen179
\pgf@pathmaxx=\dimen180
\pgf@pathminy=\dimen181
\pgf@pathmaxy=\dimen182
\pgf@xx=\dimen183
\pgf@xy=\dimen184
\pgf@yx=\dimen185
\pgf@yy=\dimen186
\pgf@zx=\dimen187
\pgf@zy=\dimen188
)
(/usr/share/texlive/texmf-dist/tex/generic/pgf/basiclayer/pgfcorepathconstruct.code.tex
File: pgfcorepathconstruct.code.tex 2023-01-15 v3.1.10 (3.1.10)
\pgf@path@lastx=\dimen189
\pgf@path@lasty=\dimen190
) (/usr/share/texlive/texmf-dist/tex/generic/pgf/basiclayer/pgfcorepathusage.code.tex
File: pgfcorepathusage.code.tex 2023-01-15 v3.1.10 (3.1.10)
\pgf@shorten@end@additional=\dimen191
\pgf@shorten@start@additional=\dimen192
) (/usr/share/texlive/texmf-dist/tex/generic/pgf/basiclayer/pgfcorescopes.code.tex
File: pgfcorescopes.code.tex 2023-01-15 v3.1.10 (3.1.10)
\pgfpic=\box56
\pgf@hbox=\box57
\pgf@layerbox@main=\box58
\pgf@picture@serial@count=\count297
) (/usr/share/texlive/texmf-dist/tex/generic/pgf/basiclayer/pgfcoregraphicstate.code.tex
File: pgfcoregraphicstate.code.tex 2023-01-15 v3.1.10 (3.1.10)
\pgflinewidth=\dimen193
) (/usr/share/texlive/texmf-dist/tex/generic/pgf/basiclayer/pgfcoretransformations.code.tex
File: pgfcoretransformations.code.tex 2023-01-15 v3.1.10 (3.1.10)
\pgf@pt@x=\dimen194
\pgf@pt@y=\dimen195
\pgf@pt@temp=\dimen196
) (/usr/share/texlive/texmf-dist/tex/generic/pgf/basiclayer/pgfcorequick.code.tex
File: pgfcorequick.code.tex 2023-01-15 v3.1.10 (3.1.10)
) (/usr/share/texlive/texmf-dist/tex/generic/pgf/basiclayer/pgfcoreobjects.code.tex
File: pgfcoreobjects.code.tex 2023-01-15 v3.1.10 (3.1.10)
) (/usr/share/texlive/texmf-dist/tex/generic/pgf/basiclayer/pgfcorepathprocessing.code.tex
File: pgfcorepathprocessing.code.tex 2023-01-15 v3.1.10 (3.1.10)
) (/usr/share/texlive/texmf-dist/tex/generic/pgf/basiclayer/pgfcorearrows.code.tex
File: pgfcorearrows.code.tex 2023-01-15 v3.1.10 (3.1.10)
\pgfarrowsep=\dimen197
) (/usr/share/texlive/texmf-dist/tex/generic/pgf/basiclayer/pgfcoreshade.code.tex
File: pgfcoreshade.code.tex 2023-01-15 v3.1.10 (3.1.10)
\pgf@max=\dimen198
\pgf@sys@shading@range@num=\count298
\pgf@shadingcount=\count299
) (/usr/share/texlive/texmf-dist/tex/generic/pgf/basiclayer/pgfcoreimage.code.tex
File: pgfcoreimage.code.tex 2023-01-15 v3.1.10 (3.1.10)
) (/usr/share/texlive/texmf-dist/tex/generic/pgf/basiclayer/pgfcoreexternal.code.tex
File: pgfcoreexternal.code.tex 2023-01-15 v3.1.10 (3.1.10)
\pgfexternal@startupbox=\box59
) (/usr/share/texlive/texmf-dist/tex/generic/pgf/basiclayer/pgfcorelayers.code.tex
File: pgfcorelayers.code.tex 2023-01-15 v3.1.10 (3.1.10)
) (/usr/share/texlive/texmf-dist/tex/generic/pgf/basiclayer/pgfcoretransparency.code.tex
File: pgfcoretransparency.code.tex 2023-01-15 v3.1.10 (3.1.10)
) (/usr/share/texlive/texmf-dist/tex/generic/pgf/basiclayer/pgfcorepatterns.code.tex
File: pgfcorepatterns.code.tex 2023-01-15 v3.1.10 (3.1.10)
) (/usr/share/texlive/texmf-dist/tex/generic/pgf/basiclayer/pgfcorerdf.code.tex
File: pgfcorerdf.code.tex 2023-01-15 v3.1.10 (3.1.10)
))) (/usr/share/texlive/texmf-dist/tex/generic/pgf/modules/pgfmoduleshapes.code.tex
File: pgfmoduleshapes.code.tex 2023-01-15 v3.1.10 (3.1.10)
\pgfnodeparttextbox=\box60
) (/usr/share/texlive/texmf-dist/tex/generic/pgf/modules/pgfmoduleplot.code.tex
File: pgfmoduleplot.code.tex 2023-01-15 v3.1.10 (3.1.10)
) (/usr/share/texlive/texmf-dist/tex/latex/pgf/compatibility/pgfcomp-version-0-65.sty
Package: pgfcomp-version-0-65 2023-01-15 v3.1.10 (3.1.10)
\pgf@nodesepstart=\dimen256
\pgf@nodesepend=\dimen257
) (/usr/share/texlive/texmf-dist/tex/latex/pgf/compatibility/pgfcomp-version-1-18.sty
Package: pgfcomp-version-1-18 2023-01-15 v3.1.10 (3.1.10)
)) (/usr/share/texlive/texmf-dist/tex/latex/pgf/utilities/pgffor.sty (/usr/share/texlive/texmf-dist/tex/latex/pgf/utilities/pgfkeys.sty (/usr/share/texlive/texmf-dist/tex/generic/pgf/utilities/pgfkeys.code.tex)) (/usr/share/texlive/texmf-dist/tex/latex/pgf/math/pgfmath.sty
(/usr/share/texlive/texmf-dist/tex/generic/pgf/math/pgfmath.code.tex)) (/usr/share/texlive/texmf-dist/tex/generic/pgf/utilities/pgffor.code.tex
Package: pgffor 2023-01-15 v3.1.10 (3.1.10)
\pgffor@iter=\dimen258
\pgffor@skip=\dimen259
\pgffor@stack=\toks42
\pgffor@toks=\toks43
)) (/usr/share/texlive/texmf-dist/tex/generic/pgf/frontendlayer/tikz/tikz.code.tex
Package: tikz 2023-01-15 v3.1.10 (3.1.10)
 (/usr/share/texlive/texmf-dist/tex/generic/pgf/libraries/pgflibraryplothandlers.code.tex
File: pgflibraryplothandlers.code.tex 2023-01-15 v3.1.10 (3.1.10)
\pgf@plot@mark@count=\count300
\pgfplotmarksize=\dimen260
)
\tikz@lastx=\dimen261
\tikz@lasty=\dimen262
\tikz@lastxsaved=\dimen263
\tikz@lastysaved=\dimen264
\tikz@lastmovetox=\dimen265
\tikz@lastmovetoy=\dimen266
\tikzleveldistance=\dimen267
\tikzsiblingdistance=\dimen268
\tikz@figbox=\box61
\tikz@figbox@bg=\box62
\tikz@tempbox=\box63
\tikz@tempbox@bg=\box64
\tikztreelevel=\count301
\tikznumberofchildren=\count302
\tikznumberofcurrentchild=\count303
\tikz@fig@count=\count304
 (/usr/share/texlive/texmf-dist/tex/generic/pgf/modules/pgfmodulematrix.code.tex
File: pgfmodulematrix.code.tex 2023-01-15 v3.1.10 (3.1.10)
\pgfmatrixcurrentrow=\count305
\pgfmatrixcurrentcolumn=\count306
\pgf@matrix@numberofcolumns=\count307
)
\tikz@expandcount=\count308
 (/usr/share/texlive/texmf-dist/tex/generic/pgf/frontendlayer/tikz/libraries/tikzlibrarytopaths.code.tex
File: tikzlibrarytopaths.code.tex 2023-01-15 v3.1.10 (3.1.10)
))) (/usr/share/texlive/texmf-dist/tex/generic/tikz-cd/tikzlibrarycd.code.tex (/usr/share/texlive/texmf-dist/tex/generic/pgf/frontendlayer/tikz/libraries/tikzlibrarymatrix.code.tex
File: tikzlibrarymatrix.code.tex 2023-01-15 v3.1.10 (3.1.10)
) (/usr/share/texlive/texmf-dist/tex/generic/pgf/frontendlayer/tikz/libraries/tikzlibraryquotes.code.tex
File: tikzlibraryquotes.code.tex 2023-01-15 v3.1.10 (3.1.10)
) (/usr/share/texlive/texmf-dist/tex/generic/pgf/libraries/pgflibraryarrows.meta.code.tex
File: pgflibraryarrows.meta.code.tex 2023-01-15 v3.1.10 (3.1.10)
\pgfarrowinset=\dimen269
\pgfarrowlength=\dimen270
\pgfarrowwidth=\dimen271
\pgfarrowlinewidth=\dimen272
))) (/usr/share/texlive/texmf-dist/tex/latex/biblatex/biblatex.sty
Package: biblatex 2023/03/05 v3.19 programmable bibliographies (PK/MW)
 (/usr/share/texlive/texmf-dist/tex/latex/logreq/logreq.sty
Package: logreq 2010/08/04 v1.0 xml request logger
\lrq@indent=\count309
 (/usr/share/texlive/texmf-dist/tex/latex/logreq/logreq.def
File: logreq.def 2010/08/04 v1.0 logreq spec v1.0
)) (/usr/share/texlive/texmf-dist/tex/latex/base/ifthen.sty
Package: ifthen 2022/04/13 v1.1d Standard LaTeX ifthen package (DPC)
)
\c@tabx@nest=\count310
\c@listtotal=\count311
\c@listcount=\count312
\c@liststart=\count313
\c@liststop=\count314
\c@citecount=\count315
\c@citetotal=\count316
\c@multicitecount=\count317
\c@multicitetotal=\count318
\c@instcount=\count319
\c@maxnames=\count320
\c@minnames=\count321
\c@maxitems=\count322
\c@minitems=\count323
\c@citecounter=\count324
\c@maxcitecounter=\count325
\c@savedcitecounter=\count326
\c@uniquelist=\count327
\c@uniquename=\count328
\c@refsection=\count329
\c@refsegment=\count330
\c@maxextratitle=\count331
\c@maxextratitleyear=\count332
\c@maxextraname=\count333
\c@maxextradate=\count334
\c@maxextraalpha=\count335
\c@abbrvpenalty=\count336
\c@highnamepenalty=\count337
\c@lownamepenalty=\count338
\c@maxparens=\count339
\c@parenlevel=\count340
\blx@tempcnta=\count341
\blx@tempcntb=\count342
\blx@tempcntc=\count343
\c@blx@maxsection=\count344
\blx@maxsegment@0=\count345
\blx@notetype=\count346
\blx@parenlevel@text=\count347
\blx@parenlevel@foot=\count348
\blx@sectionciteorder@0=\count349
\blx@sectionciteorderinternal@0=\count350
\blx@entrysetcounter=\count351
\blx@biblioinstance=\count352
\labelnumberwidth=\skip59
\labelalphawidth=\skip60
\biblabelsep=\skip61
\bibitemsep=\skip62
\bibnamesep=\skip63
\bibinitsep=\skip64
\bibparsep=\skip65
\bibhang=\skip66
\blx@bcfin=\read4
\blx@bcfout=\write4
\blx@langwohyphens=\language91
\c@mincomprange=\count353
\c@maxcomprange=\count354
\c@mincompwidth=\count355
Package biblatex Info: Trying to load biblatex default data model...
Package biblatex Info: ... file 'blx-dm.def' found.
 (/usr/share/texlive/texmf-dist/tex/latex/biblatex/blx-dm.def
File: blx-dm.def 2023/03/05 v3.19 biblatex localization (PK/MW)
)
Package biblatex Info: Trying to load biblatex custom data model...
Package biblatex Info: ... file 'biblatex-dm.cfg' not found.
\c@afterword=\count356
\c@savedafterword=\count357
\c@annotator=\count358
\c@savedannotator=\count359
\c@author=\count360
\c@savedauthor=\count361
\c@bookauthor=\count362
\c@savedbookauthor=\count363
\c@commentator=\count364
\c@savedcommentator=\count365
\c@editor=\count366
\c@savededitor=\count367
\c@editora=\count368
\c@savededitora=\count369
\c@editorb=\count370
\c@savededitorb=\count371
\c@editorc=\count372
\c@savededitorc=\count373
\c@foreword=\count374
\c@savedforeword=\count375
\c@holder=\count376
\c@savedholder=\count377
\c@introduction=\count378
\c@savedintroduction=\count379
\c@namea=\count380
\c@savednamea=\count381
\c@nameb=\count382
\c@savednameb=\count383
\c@namec=\count384
\c@savednamec=\count385
\c@translator=\count386
\c@savedtranslator=\count387
\c@shortauthor=\count388
\c@savedshortauthor=\count389
\c@shorteditor=\count390
\c@savedshorteditor=\count391
\c@labelname=\count392
\c@savedlabelname=\count393
\c@institution=\count394
\c@savedinstitution=\count395
\c@lista=\count396
\c@savedlista=\count397
\c@listb=\count398
\c@savedlistb=\count399
\c@listc=\count400
\c@savedlistc=\count401
\c@listd=\count402
\c@savedlistd=\count403
\c@liste=\count404
\c@savedliste=\count405
\c@listf=\count406
\c@savedlistf=\count407
\c@location=\count408
\c@savedlocation=\count409
\c@organization=\count410
\c@savedorganization=\count411
\c@origlocation=\count412
\c@savedoriglocation=\count413
\c@origpublisher=\count414
\c@savedorigpublisher=\count415
\c@publisher=\count416
\c@savedpublisher=\count417
\c@language=\count418
\c@savedlanguage=\count419
\c@origlanguage=\count420
\c@savedoriglanguage=\count421
\c@pageref=\count422
\c@savedpageref=\count423
\shorthandwidth=\skip67
\shortjournalwidth=\skip68
\shortserieswidth=\skip69
\shorttitlewidth=\skip70
\shortauthorwidth=\skip71
\shorteditorwidth=\skip72
\locallabelnumberwidth=\skip73
\locallabelalphawidth=\skip74
\localshorthandwidth=\skip75
\localshortjournalwidth=\skip76
\localshortserieswidth=\skip77
\localshorttitlewidth=\skip78
\localshortauthorwidth=\skip79
\localshorteditorwidth=\skip80
Package biblatex Info: Trying to load compatibility code...
Package biblatex Info: ... file 'blx-compat.def' found.
 (/usr/share/texlive/texmf-dist/tex/latex/biblatex/blx-compat.def
File: blx-compat.def 2023/03/05 v3.19 biblatex compatibility (PK/MW)
)
Package biblatex Info: Trying to load generic definitions...
Package biblatex Info: ... file 'biblatex.def' found.
 (/usr/share/texlive/texmf-dist/tex/latex/biblatex/biblatex.def
File: biblatex.def 2023/03/05 v3.19 biblatex compatibility (PK/MW)
\c@textcitecount=\count424
\c@textcitetotal=\count425
\c@textcitemaxnames=\count426
\c@biburlbigbreakpenalty=\count427
\c@biburlbreakpenalty=\count428
\c@biburlnumpenalty=\count429
\c@biburlucpenalty=\count430
\c@biburllcpenalty=\count431
\biburlbigskip=\muskip18
\biburlnumskip=\muskip19
\biburlucskip=\muskip20
\biburllcskip=\muskip21
\c@smartand=\count432
)
Package biblatex Info: Trying to load bibliography style 'numeric'...
Package biblatex Info: ... file 'numeric.bbx' found.
 (/usr/share/texlive/texmf-dist/tex/latex/biblatex/bbx/numeric.bbx
File: numeric.bbx 2023/03/05 v3.19 biblatex bibliography style (PK/MW)
Package biblatex Info: Trying to load bibliography style 'standard'...
Package biblatex Info: ... file 'standard.bbx' found.
 (/usr/share/texlive/texmf-dist/tex/latex/biblatex/bbx/standard.bbx
File: standard.bbx 2023/03/05 v3.19 biblatex bibliography style (PK/MW)
\c@bbx:relatedcount=\count433
\c@bbx:relatedtotal=\count434
))
Package biblatex Info: Trying to load citation style 'numeric'...
Package biblatex Info: ... file 'numeric.cbx' found.
 (/usr/share/texlive/texmf-dist/tex/latex/biblatex/cbx/numeric.cbx
File: numeric.cbx 2023/03/05 v3.19 biblatex citation style (PK/MW)
Package biblatex Info: Redefining '\cite'.
Package biblatex Info: Redefining '\parencite'.
Package biblatex Info: Redefining '\footcite'.
Package biblatex Info: Redefining '\footcitetext'.
Package biblatex Info: Redefining '\smartcite'.
Package biblatex Info: Redefining '\supercite'.
Package biblatex Info: Redefining '\textcite'.
Package biblatex Info: Redefining '\textcites'.
Package biblatex Info: Redefining '\cites'.
Package biblatex Info: Redefining '\parencites'.
Package biblatex Info: Redefining '\smartcites'.
)
Package biblatex Info: Trying to load configuration file...
Package biblatex Info: ... file 'biblatex.cfg' found.
 (/usr/share/texlive/texmf-dist/tex/latex/biblatex/biblatex.cfg
File: biblatex.cfg 
)
Package biblatex Info: Input encoding 'utf8' detected.
Package biblatex Info: Document encoding is UTF8 ....
 (/usr/share/texlive/texmf-dist/tex/latex/l3kernel/expl3.sty
Package: expl3 2024-01-22 L3 programming layer (loader) 
 (/usr/share/texlive/texmf-dist/tex/latex/l3backend/l3backend-pdftex.def
File: l3backend-pdftex.def 2024-01-04 L3 backend support: PDF output (pdfTeX)
\l__color_backend_stack_int=\count435
\l__pdf_internal_box=\box65
))
Package biblatex Info: ... and expl3
(biblatex)             2024-01-22 L3 programming layer (loader) 
(biblatex)             is new enough (at least 2020/04/06),
(biblatex)             setting 'casechanger=expl3'.
 (/usr/share/texlive/texmf-dist/tex/latex/biblatex/blx-case-expl3.sty (/usr/share/texlive/texmf-dist/tex/latex/l3packages/xparse/xparse.sty
Package: xparse 2023-10-10 L3 Experimental document command parser
)
Package: blx-case-expl3 2023/03/05 v3.19 expl3 case changing code for biblatex
))
\c@theorem=\count436


Package biblatex Warning: 'babel/polyglossia' detected but 'csquotes' missing.
(biblatex)                Loading 'csquotes' recommended.

\@quotelevel=\count437
\@quotereset=\count438
(./notes.aux (./pset1.aux) (./pset2.aux))
\openout1 = `notes.aux'.

LaTeX Font Info:    Checking defaults for OML/cmm/m/it on input line 159.
LaTeX Font Info:    ... okay on input line 159.
LaTeX Font Info:    Checking defaults for OMS/cmsy/m/n on input line 159.
LaTeX Font Info:    ... okay on input line 159.
LaTeX Font Info:    Checking defaults for OT1/cmr/m/n on input line 159.
LaTeX Font Info:    ... okay on input line 159.
LaTeX Font Info:    Checking defaults for T1/cmr/m/n on input line 159.
LaTeX Font Info:    ... okay on input line 159.
LaTeX Font Info:    Checking defaults for TS1/cmr/m/n on input line 159.
LaTeX Font Info:    ... okay on input line 159.
LaTeX Font Info:    Checking defaults for OMX/cmex/m/n on input line 159.
LaTeX Font Info:    ... okay on input line 159.
LaTeX Font Info:    Checking defaults for U/cmr/m/n on input line 159.
LaTeX Font Info:    ... okay on input line 159.
LaTeX Font Info:    Checking defaults for PD1/pdf/m/n on input line 159.
LaTeX Font Info:    ... okay on input line 159.
LaTeX Font Info:    Checking defaults for PU/pdf/m/n on input line 159.
LaTeX Font Info:    ... okay on input line 159.
LaTeX Font Info:    Trying to load font information for U+msa on input line 159.
 (/usr/share/texlive/texmf-dist/tex/latex/amsfonts/umsa.fd
File: umsa.fd 2013/01/14 v3.01 AMS symbols A
)
LaTeX Font Info:    Trying to load font information for U+msb on input line 159.
 (/usr/share/texlive/texmf-dist/tex/latex/amsfonts/umsb.fd
File: umsb.fd 2013/01/14 v3.01 AMS symbols B
) (/usr/share/texlive/texmf-dist/tex/context/base/mkii/supp-pdf.mkii
[Loading MPS to PDF converter (version 2006.09.02).]
\scratchcounter=\count439
\scratchdimen=\dimen273
\scratchbox=\box66
\nofMPsegments=\count440
\nofMParguments=\count441
\everyMPshowfont=\toks44
\MPscratchCnt=\count442
\MPscratchDim=\dimen274
\MPnumerator=\count443
\makeMPintoPDFobject=\count444
\everyMPtoPDFconversion=\toks45
) (/usr/share/texlive/texmf-dist/tex/latex/epstopdf-pkg/epstopdf-base.sty
Package: epstopdf-base 2020-01-24 v2.11 Base part for package epstopdf
Package epstopdf-base Info: Redefining graphics rule for `.eps' on input line 485.
 (/usr/share/texlive/texmf-dist/tex/latex/latexconfig/epstopdf-sys.cfg
File: epstopdf-sys.cfg 2010/07/13 v1.3 Configuration of (r)epstopdf for TeX Live
))
Package hyperref Info: Link coloring ON on input line 159.
 (./notes.out) (./notes.out)
\@outlinefile=\write5
\openout5 = `notes.out'.

Package biblatex Info: Trying to load language 'nil'...
Package biblatex Info: ... file 'nil.lbx' not found.


Package biblatex Warning: Language 'nil' not supported.
(biblatex)                Using dummy definitions on input line 159.

Package biblatex Info: Input encoding 'utf8' detected.
Package biblatex Info: Automatic encoding selection.
(biblatex)             Assuming data encoding 'utf8'.
\openout4 = `notes.bcf'.

Package biblatex Info: Trying to load bibliographic data...
Package biblatex Info: ... file 'notes.bbl' found.
(./notes.bbl)
Package biblatex Info: Reference section=0 on input line 159.
Package biblatex Info: Reference segment=0 on input line 159.

Underfull \hbox (badness 10000) in paragraph at lines 167--173

 []


Underfull \hbox (badness 10000) in paragraph at lines 174--178

 []


Underfull \hbox (badness 10000) in paragraph at lines 174--178

 []


Underfull \hbox (badness 10000) in paragraph at lines 183--197

 []


Overfull \hbox (10.5989pt too wide) in paragraph at lines 225--239
[]\T1/cmr/m/n/10 If $[]$ has the homotopy extension property with respect to $\OML/cmm/m/it/10 Y$\T1/cmr/m/n/10 , then the extensibility
 []

[1{/var/lib/texmf/fonts/map/pdftex/updmap/pdftex.map}{/usr/share/texmf/fonts/enc/dvips/cm-super/cm-super-t1.enc}] [2]
<Figures/DUWUWUJK122.png, id=101, 764.8575pt x 231.86626pt>
File: Figures/DUWUWUJK122.png Graphic file (type png)
<use Figures/DUWUWUJK122.png>
Package pdftex.def Info: Figures/DUWUWUJK122.png  used on input line 372.
(pdftex.def)             Requested size: 288.0011pt x 87.30696pt.
 [3 <./Figures/DUWUWUJK122.png>]
Underfull \hbox (badness 10000) in paragraph at lines 436--500

 []


Overfull \hbox (12.67168pt too wide) in paragraph at lines 436--500
\T1/cmr/m/n/10 To prove the converse, suppose that the inclusion $\OML/cmm/m/it/10 A ,[]\OMS/cmsy/m/n/10 ! \OML/cmm/m/it/10 X$ \T1/cmr/m/n/10 is a cofibration. Equivalently,
 []

[4]
<Figures/DWIJJXNXJNXJUI.png, id=124, 624.3325pt x 217.81375pt>
File: Figures/DWIJJXNXJNXJUI.png Graphic file (type png)
<use Figures/DWIJJXNXJNXJUI.png>
Package pdftex.def Info: Figures/DWIJJXNXJNXJUI.png  used on input line 665.
(pdftex.def)             Requested size: 288.0011pt x 100.47803pt.
 [5]
Overfull \hbox (9.75377pt too wide) in paragraph at lines 753--754
 \T1/cmr/m/n/10 1.0.1.\T1/cmr/m/it/10 Interlude on pointed-spaces and operations on spaces.[] \T1/cmr/m/n/10 We recall some important
 []

[6 <./Figures/DWIJJXNXJNXJUI.png>]
Overfull \hbox (29.96289pt too wide) in paragraph at lines 830--833
[][]\T1/cmr/bx/n/10 Definition 1.17 \T1/cmr/m/n/10 (Wedge Sum/one-point union)\T1/cmr/bx/n/10 . []\T1/cmr/m/n/10 Given two pointed spaces $\OT1/cmr/m/n/10 (\OML/cmm/m/it/10 X; x[]\OT1/cmr/m/n/10 )\OML/cmm/m/it/10 ; []$\T1/cmr/m/n/10 ,
 []


Underfull \hbox (badness 10000) in paragraph at lines 857--868

 []

[7]
Overfull \hbox (14.85468pt too wide) in paragraph at lines 878--883
[][]\T1/cmr/bx/n/10 Definition 1.19 \T1/cmr/m/n/10 (Well-pointed space)\T1/cmr/bx/n/10 . []\T1/cmr/m/n/10 A base point $\OML/cmm/m/it/10 x[] \OMS/cmsy/m/n/10 2 \OML/cmm/m/it/10 X$ \T1/cmr/m/n/10 is said to be \T1/cmr/m/it/10 nondegenerate
 []


Underfull \hbox (badness 10000) in paragraph at lines 885--889

 []

<Figures/IWIDK01.jpeg, id=157, 3011.25pt x 732.7375pt>
File: Figures/IWIDK01.jpeg Graphic file (type jpg)
<use Figures/IWIDK01.jpeg>
Package pdftex.def Info: Figures/IWIDK01.jpeg  used on input line 929.
(pdftex.def)             Requested size: 180.0pt x 43.79463pt.

Underfull \hbox (badness 10000) in paragraph at lines 938--981

 []


Underfull \hbox (badness 10000) in paragraph at lines 984--1036

 []

[8 <./Figures/IWIDK01.jpeg>]
Overfull \hbox (3.66199pt too wide) in paragraph at lines 1106--1110
[][]\T1/cmr/bx/n/10 Problem 1.24. []\T1/cmr/m/n/10 Find $\OML/cmm/m/it/10 H[] []$ \T1/cmr/m/n/10 using methods from this section. 
 []

[9]
Underfull \hbox (badness 10000) in paragraph at lines 1187--1220

 []

[10] [11] [12]
Underfull \hbox (badness 10000) in paragraph at lines 1395--1397

 []


Overfull \hbox (4.62666pt too wide) in paragraph at lines 1400--1406
[][]\T1/cmr/bx/n/10 Lemma 2.2. []\T1/cmr/m/it/10 Let $\OMS/cmsy/m/n/10 K$ \T1/cmr/m/it/10 be a collection of compact subsets of $\OML/cmm/m/it/10 X$ \T1/cmr/m/it/10 containing a neighborhood
 []


Underfull \hbox (badness 10000) in paragraph at lines 1469--1495

 []

[13]
Overfull \hbox (1.05937pt too wide) in paragraph at lines 1508--1516
[][]\T1/cmr/bx/n/10 Theorem 2.5. []\T1/cmr/m/it/10 Let $\OML/cmm/m/it/10 X$ \T1/cmr/m/it/10 be locally compact Hausdorff and $\OML/cmm/m/it/10 Y$ \T1/cmr/m/it/10 and $\OML/cmm/m/it/10 T$ \T1/cmr/m/it/10 arbitrary Hausdorff
 []

[14]
Overfull \hbox (34.36388pt too wide) detected at line 1675
[]
 []


Underfull \hbox (badness 10000) in paragraph at lines 1697--1721

 []


Overfull \hbox (15.85803pt too wide) in paragraph at lines 1722--1728
[]\T1/cmr/m/n/10 Conversely, note that under the correspondence, $\OML/cmm/m/it/10 M []$ \T1/cmr/m/n/10 is mapped to $\OML/cmm/m/it/10 M\OT1/cmr/m/n/10 (\OML/cmm/m/it/10 C; U\OT1/cmr/m/n/10 ) \OMS/cmsy/m/n/10 ^^B
 []

[15]
Underfull \hbox (badness 10000) in paragraph at lines 1742--1743

 []

[16] [17]
<Figures/TKISO0932.png, id=259, 523.9575pt x 317.185pt>
File: Figures/TKISO0932.png Graphic file (type png)
<use Figures/TKISO0932.png>
Package pdftex.def Info: Figures/TKISO0932.png  used on input line 2093.
(pdftex.def)             Requested size: 216.0022pt x 130.75813pt.
 [18]
<Figures/JIDWOOL0290L.png, id=269, 730.73pt x 113.42375pt>
File: Figures/JIDWOOL0290L.png Graphic file (type png)
<use Figures/JIDWOOL0290L.png>
Package pdftex.def Info: Figures/JIDWOOL0290L.png  used on input line 2168.
(pdftex.def)             Requested size: 288.0011pt x 44.70236pt.
 [19 <./Figures/TKISO0932.png> <./Figures/JIDWOOL0290L.png>]
<Figures/JDWIXHHX011SJ.png, id=285, 232.87pt x 218.8175pt>
File: Figures/JDWIXHHX011SJ.png Graphic file (type png)
<use Figures/JDWIXHHX011SJ.png>
Package pdftex.def Info: Figures/JDWIXHHX011SJ.png  used on input line 2200.
(pdftex.def)             Requested size: 90.0pt x 84.56718pt.
<Figures/WIWIWSSK11.png, id=287, 695.59875pt x 134.5025pt>
File: Figures/WIWIWSSK11.png Graphic file (type png)
<use Figures/WIWIWSSK11.png>
Package pdftex.def Info: Figures/WIWIWSSK11.png  used on input line 2228.
(pdftex.def)             Requested size: 288.0011pt x 55.68819pt.

Overfull \hbox (7.65619pt too wide) in paragraph at lines 2234--2248
[]\T1/cmr/m/n/10 Now if $\OML/cmm/m/it/10 ^^L[] [] [] ^^Y[]\OT1/cmr/m/n/10 (\OML/cmm/m/it/10 X; x[]\OT1/cmr/m/n/10 ) \OMS/cmsy/m/n/10 ! \OML/cmm/m/it/10 ^^Y[]\OT1/cmr/m/n/10 (\OML/cmm/m/it/10 X; x[]\OT1/cmr/m/n/10 )$ \T1/cmr/m/n/10 is the change-of-basepoint transformation, $\OML/cmm/m/it/10 ^^L[] [] \OT1/cmr/m/n/10 =
 []

[20 <./Figures/JDWIXHHX011SJ.png> <./Figures/WIWIWSSK11.png>]
Overfull \hbox (1.78966pt too wide) in paragraph at lines 2291--2312
[]\T1/cmr/m/n/10 Since $\OML/cmm/m/it/10 S[]$ \T1/cmr/m/n/10 is path-connected and locally path-connected, and simply connected
 []


Underfull \hbox (badness 10000) in paragraph at lines 2349--2377

 []


Underfull \hbox (badness 10000) in paragraph at lines 2349--2377

 []


Underfull \hbox (badness 10000) in paragraph at lines 2349--2377

 []

[21]
<Figures/DJIMMXKXO0O.jpeg, id=315, 3139.73pt x 1152.305pt>
File: Figures/DJIMMXKXO0O.jpeg Graphic file (type jpg)
<use Figures/DJIMMXKXO0O.jpeg>
Package pdftex.def Info: Figures/DJIMMXKXO0O.jpeg  used on input line 2420.
(pdftex.def)             Requested size: 288.0011pt x 105.68982pt.

Overfull \hbox (40.80489pt too wide) detected at line 2482
[] \OMS/cmsy/m/n/10 ! \OML/cmm/m/it/10 ^^Y[] [] [] ^^Y[] [] [] ^^Y[]\OT1/cmr/m/n/10 (\OML/cmm/m/it/10 X; A; x[]\OT1/cmr/m/n/10 ) [] \OML/cmm/m/it/10 ^^Y[] [] \OMS/cmsy/m/n/10 ! [] ! \OML/cmm/m/it/10 ^^Y[]\OT1/cmr/m/n/10 (\OML/cmm/m/it/10 X; A; x[]\OT1/cmr/m/n/10 )
 []

[22 <./Figures/DJIMMXKXO0O.jpeg>]
<Figures/IDIWKAKX.png, id=325, 282.05376pt x 292.09125pt>
File: Figures/IDIWKAKX.png Graphic file (type png)
<use Figures/IDIWKAKX.png>
Package pdftex.def Info: Figures/IDIWKAKX.png  used on input line 2550.
(pdftex.def)             Requested size: 71.9989pt x 74.56027pt.

Overfull \hbox (61.30563pt too wide) in paragraph at lines 2555--2591
[]\T1/cmr/m/it/10 Exactness at $\OML/cmm/m/it/10 ^^Y[]\OT1/cmr/m/n/10 (\OML/cmm/m/it/10 A; B; x[]\OT1/cmr/m/n/10 )$ \T1/cmr/m/it/10 : \T1/cmr/m/n/10 First, $\OML/cmm/m/it/10 i[]@$ \T1/cmr/m/n/10 is zero since the restriction of a map $\OML/cmm/m/it/10 f [] []  [] \OMS/cmsy/m/n/10 !
 []


Overfull \hbox (31.02379pt too wide) in paragraph at lines 2555--2591
\T1/cmr/m/n/10 Conversely, if $\OML/cmm/m/it/10 B$ \T1/cmr/m/n/10 is a point, then a nullhomotopy $\OML/cmm/m/it/10 f[] [] []  [] \OMS/cmsy/m/n/10 ! []$ \T1/cmr/m/n/10 of $\OML/cmm/m/it/10 f[] [] []  [] \OMS/cmsy/m/n/10 !
 []

<Figures/USIIOOQ.png, id=328, 486.81876pt x 236.885pt>
File: Figures/USIIOOQ.png Graphic file (type png)
<use Figures/USIIOOQ.png>
Package pdftex.def Info: Figures/USIIOOQ.png  used on input line 2594.
(pdftex.def)             Requested size: 143.9978pt x 70.06842pt.

Overfull \hbox (22.50691pt too wide) in paragraph at lines 2602--2612
[][]\T1/cmr/bx/n/10 Corollary 3.30. []\T1/cmr/m/it/10 Consider the inclusion $\OML/cmm/m/it/10 ^^S [] [] X \OT1/cmr/m/n/10 = \OML/cmm/m/it/10 X \OMS/cmsy/m/n/10 ^^B [] \OML/cmm/m/it/10 ,[]\OMS/cmsy/m/n/10 ! \OML/cmm/m/it/10 CX$\T1/cmr/m/it/10 . Then $\OML/cmm/m/it/10 ^^Y[] [] []
 []

[23 <./Figures/IDIWKAKX.png> <./Figures/USIIOOQ.png>]
<Figures/DIWIOA.png, id=338, 242.9075pt x 253.94875pt>
File: Figures/DIWIOA.png Graphic file (type png)
<use Figures/DIWIOA.png>
Package pdftex.def Info: Figures/DIWIOA.png  used on input line 2627.
(pdftex.def)             Requested size: 71.9989pt x 75.27072pt.
 [24 <./Figures/DIWIOA.png>]
\openout2 = `pset1.aux'.

 (./pset1.tex
Overfull \hbox (18.47104pt too wide) in paragraph at lines 104--108
[]\T1/cmr/m/n/10 To show that degree is a group homomorphism, we must show that $[] [] \OT1/cmr/m/n/10 =
 []


Overfull \hbox (7.57002pt too wide) in paragraph at lines 112--121
[][]\T1/cmr/bx/n/10 Proposition 3.34. []\T1/cmr/m/it/10 Let $\OML/cmm/m/it/10 X \OT1/cmr/m/n/10 = \OML/cmm/m/it/10 S[] \OMS/cmsy/m/n/10 _ [] _ \OML/cmm/m/it/10 S[]$ \T1/cmr/m/it/10 for $\OML/cmm/m/it/10 n > \OT1/cmr/m/n/10 0$\T1/cmr/m/it/10 . Then the homomorphism
 []

[25

]
Overfull \hbox (1.9703pt too wide) detected at line 165
[] \OMS/cmsy/m/n/10 ! \OML/cmm/m/it/10 H[] [] [] H[] [] [] H[] [] \OMS/cmsy/m/n/10 ! []
 []

[26]
Underfull \hbox (badness 10000) in paragraph at lines 336--377

 []


Underfull \hbox (badness 10000) in paragraph at lines 382--409

 []


Underfull \hbox (badness 10000) in paragraph at lines 382--409

 []

[27]) [28]
Underfull \hbox (badness 10000) in paragraph at lines 2744--2778

 []

[29


]
Overfull \hbox (7.8848pt too wide) in paragraph at lines 2838--2842
[]\T1/cmr/m/n/10 The inclusion of a $\OT1/cmr/m/n/10 0$\T1/cmr/m/n/10 -cell into the complex induces an isomorphism on homotopy
 []

[30]
Overfull \hbox (5.43744pt too wide) in paragraph at lines 2914--2922
[]\T1/cmr/m/n/10 Thus we may view cellular approximation as a CW analog of simplicial approximation
 []


Underfull \hbox (badness 10000) in paragraph at lines 2914--2922

 []

[31]
Overfull \hbox (21.89781pt too wide) detected at line 2997
[] \OMS/cmsy/m/n/10 ! \OML/cmm/m/it/10 ^^Y[]\OT1/cmr/m/n/10 (\OML/cmm/m/it/10 X[]\OT1/cmr/m/n/10 ) [] \OML/cmm/m/it/10 ^^Y[]\OT1/cmr/m/n/10 (\OML/cmm/m/it/10 X\OT1/cmr/m/n/10 ) \OMS/cmsy/m/n/10 ! [] ! \OML/cmm/m/it/10 ^^Y[]\OT1/cmr/m/n/10 (\OML/cmm/m/it/10 X[]\OT1/cmr/m/n/10 ) [] \OML/cmm/m/it/10 ^^Y[]\OT1/cmr/m/n/10 (\OML/cmm/m/it/10 X\OT1/cmr/m/n/10 ) \OMS/cmsy/m/n/10 ! [] ! []
 []


Overfull \hbox (5.96132pt too wide) in paragraph at lines 3018--3021
[][]\T1/cmr/bx/n/10 Definition 3.53 \T1/cmr/m/n/10 (CW Approximation)\T1/cmr/bx/n/10 . []\T1/cmr/m/n/10 For a space $\OML/cmm/m/it/10 X$\T1/cmr/m/n/10 , a weak homotopy equivalence
 []


Overfull \hbox (19.523pt too wide) in paragraph at lines 3094--3115
\T1/cmr/m/n/10 ranging over all basepoints, choose a map $\OML/cmm/m/it/10 '[] [] []  [] \OMS/cmsy/m/n/10 ! []$ \T1/cmr/m/n/10 representing
 []


Overfull \hbox (6.83435pt too wide) in paragraph at lines 3094--3115
\OML/cmm/m/it/10 $\T1/cmr/m/n/10 . We may assume that the $\OML/cmm/m/it/10 '[]$ \T1/cmr/m/n/10 are all cellular (by the Cellular Approximation
 []

[32]
Overfull \hbox (9.31335pt too wide) in paragraph at lines 3115--3124
[]\T1/cmr/m/n/10 Choose maps $\OML/cmm/m/it/10 f[] [] [] S[] \OMS/cmsy/m/n/10 ! \OML/cmm/m/it/10 X$ \T1/cmr/m/n/10 representing all nontrivial elements of $\OML/cmm/m/it/10 ^^Y[] []$
 []


Underfull \hbox (badness 10000) in paragraph at lines 3125--3143

 []

[33]
Underfull \hbox (badness 10000) in paragraph at lines 3249--3254

 []


Underfull \vbox (badness 10000) has occurred while \output is active []

 [34]
Overfull \hbox (43.50902pt too wide) in paragraph at lines 3367--3384
[]\T1/cmr/m/n/10 Decompose the unreduced suspension $\OT1/cmr/m/n/10 ^^F\OML/cmm/m/it/10 X \OT1/cmr/m/n/10 = (\OML/cmm/m/it/10 X \OMS/cmsy/m/n/10 ^^B \OML/cmm/m/it/10 I\OT1/cmr/m/n/10 )\OML/cmm/m/it/10 = []$
 []


Overfull \hbox (11.41953pt too wide) in paragraph at lines 3390--3398
\T1/cmr/m/n/10 So, in particular, $\OT1/cmr/m/n/10 ^^F\OML/cmm/m/it/10 f$ \T1/cmr/m/n/10 is some class in $\OML/cmm/m/it/10 ^^Y[] []$\T1/cmr/m/n/10 . Define the suspension homomorphism
 []


Underfull \hbox (badness 10000) in paragraph at lines 3406--3423

 []

[35]
Overfull \hbox (2.09798pt too wide) in paragraph at lines 3447--3501
\T1/cmr/m/n/10 homotopy groups in dimensions $\OMS/cmsy/m/n/10 ^^T \OT1/cmr/m/n/10 2\OML/cmm/m/it/10 n \OMS/cmsy/m/n/10 ^^@ \OT1/cmr/m/n/10 1$\T1/cmr/m/n/10 . Next we have $\OML/cmm/m/it/10 ^^Y[] [] [] [][] ^^Y[] [] []
 []


Overfull \hbox (44.40254pt too wide) in paragraph at lines 3447--3501
\T1/cmr/m/n/10 When there are infinitely many summands $\OML/cmm/m/it/10 S[]$\T1/cmr/m/n/10 , consider the homomorphism $\OT1/cmr/m/n/10 ^^H [] []  [][] \OML/cmm/m/it/10 ^^Y[] [] \OMS/cmsy/m/n/10 !
 []

[36] [37]
Overfull \hbox (6.62529pt too wide) in paragraph at lines 3610--3613
\T1/cmr/m/n/10 nontrivial homotopy group $\OML/cmm/m/it/10 ^^Y[]\OT1/cmr/m/n/10 (\OML/cmm/m/it/10 X\OT1/cmr/m/n/10 ) [] \OML/cmm/m/it/10 G$ \T1/cmr/m/n/10 is called an \T1/cmr/m/it/10 Eilenberg-MacLane space $\OML/cmm/m/it/10 K\OT1/cmr/m/n/10 (\OML/cmm/m/it/10 G; n\OT1/cmr/m/n/10 )$\T1/cmr/m/n/10 . 
 []

[38]
\openout2 = `pset2.aux'.

 (./pset2.tex
<Figures/p11.jpeg, id=480, 3071.475pt x 1304.875pt>
File: Figures/p11.jpeg Graphic file (type jpg)
<use Figures/p11.jpeg>
Package pdftex.def Info: Figures/p11.jpeg  used on input line 27.
(pdftex.def)             Requested size: 288.0011pt x 122.35164pt.
 [39

 <./Figures/p11.jpeg>]
Underfull \hbox (badness 10000) in paragraph at lines 172--225

 []


Underfull \hbox (badness 10000) in paragraph at lines 228--254

 []


Underfull \hbox (badness 10000) in paragraph at lines 228--254

 []


Underfull \hbox (badness 10000) in paragraph at lines 263--308

 []

[40] [41]
Underfull \hbox (badness 10000) in paragraph at lines 443--469

 []

<Figures/p31.jpeg, id=507, 3312.375pt x 1200.485pt>
File: Figures/p31.jpeg Graphic file (type jpg)
<use Figures/p31.jpeg>
Package pdftex.def Info: Figures/p31.jpeg  used on input line 472.
(pdftex.def)             Requested size: 288.0011pt x 104.3754pt.
[42 <./Figures/p31.jpeg>]
<Figures/p32.jpeg, id=517, 2055.68pt x 1225.57875pt>
File: Figures/p32.jpeg Graphic file (type jpg)
<use Figures/p32.jpeg>
Package pdftex.def Info: Figures/p32.jpeg  used on input line 535.
(pdftex.def)             Requested size: 251.9989pt x 150.22354pt.

Overfull \hbox (21.92426pt too wide) in paragraph at lines 540--551
[]\T1/cmr/m/n/10 Naturality amounts to showing that $\OML/cmm/m/it/10 r[]$ \T1/cmr/m/n/10 defines a natural transformation from $\OML/cmm/m/it/10 ^^Y[] []$
 []

<Figures/p33.jpeg, id=519, 1606.0pt x 902.37125pt>
File: Figures/p33.jpeg Graphic file (type jpg)
<use Figures/p33.jpeg>
Package pdftex.def Info: Figures/p33.jpeg  used on input line 600.
(pdftex.def)             Requested size: 288.0011pt x 161.81398pt.
<Figures/p322.jpeg, id=521, 1704.3675pt x 794.97pt>
File: Figures/p322.jpeg Graphic file (type jpg)
<use Figures/p322.jpeg>
Package pdftex.def Info: Figures/p322.jpeg  used on input line 626.
(pdftex.def)             Requested size: 216.0022pt x 100.74171pt.
[43 <./Figures/p32.jpeg>]
Underfull \hbox (badness 10000) in paragraph at lines 631--635

 []

[44 <./Figures/p33.jpeg> <./Figures/p322.jpeg>]) [45]

Package biblatex Warning: Bibliography string 'volume' untranslated
(biblatex)                at entry 'Bredon' on input line 3657.


Package biblatex Warning: Using fallback definition for \mkbibdatelong.
(biblatex)                The command should be defined in the .lbx file.
(biblatex)                If you see this message, the .lbx file could not be
(biblatex)                loaded, is faulty or does not contain a definition
(biblatex)                for \mkbibdatelong.


Package biblatex Warning: Bibliography string 'pages' untranslated
(biblatex)                at entry 'Bredon' on input line 3657.


Package biblatex Warning: Using fallback definition for \mkbibdatelong.
(biblatex)                The command should be defined in the .lbx file.
(biblatex)                If you see this message, the .lbx file could not be
(biblatex)                loaded, is faulty or does not contain a definition
(biblatex)                for \mkbibdatelong.


Package biblatex Warning: Bibliography string 'pages' untranslated
(biblatex)                at entry 'Hatcher' on input line 3657.


Package biblatex Warning: Using fallback definition for \mkbibdatelong.
(biblatex)                The command should be defined in the .lbx file.
(biblatex)                If you see this message, the .lbx file could not be
(biblatex)                loaded, is faulty or does not contain a definition
(biblatex)                for \mkbibdatelong.

LaTeX Font Info:    Trying to load font information for T1+cmtt on input line 3657.
(/usr/share/texlive/texmf-dist/tex/latex/base/t1cmtt.fd
File: t1cmtt.fd 2023/04/13 v2.5m Standard LaTeX font definitions
) [46


] (./notes.aux (./pset1.aux) (./pset2.aux))
 ***********
LaTeX2e <2023-11-01> patch level 1
L3 programming layer <2024-01-22>
 ***********
Package rerunfilecheck Info: File `notes.out' has not changed.
(rerunfilecheck)             Checksum: 034137849D0567408E7D4F8914B94F91;2302.
Package logreq Info: Writing requests to 'notes.run.xml'.
\openout1 = `notes.run.xml'.

 ) 
Here is how much of TeX's memory you used:
 30858 strings out of 474222
 591933 string characters out of 5748733
 1952975 words of memory out of 5000000
 52285 multiletter control sequences out of 15000+600000
 569751 words of font info for 66 fonts, out of 8000000 for 9000
 1302 hyphenation exceptions out of 8191
 98i,20n,107p,678b,1431s stack positions out of 10000i,1000n,20000p,200000b,200000s
</usr/share/texlive/texmf-dist/fonts/type1/public/amsfonts/cm/cmex10.pfb></usr/share/texlive/texmf-dist/fonts/type1/public/amsfonts/cm/cmmi10.pfb></usr/share/texlive/texmf-dist/fonts/type1/public/amsfonts/cm/cmmi5.pfb></usr/share/texlive/texmf-dist/fonts/type1/public/amsfonts/cm/cmmi7.pfb></usr/share/texlive/texmf-dist/fonts/type1/public/amsfonts/cm/cmr10.pfb></usr/share/texlive/texmf-dist/fonts/type1/public/amsfonts/cm/cmr5.pfb></usr/share/texlive/texmf-dist/fonts/type1/public/amsfonts/cm/cmr7.pfb></usr/share/texlive/texmf-dist/fonts/type1/public/amsfonts/cm/cmsy10.pfb></usr/share/texlive/texmf-dist/fonts/type1/public/amsfonts/cm/cmsy5.pfb></usr/share/texlive/texmf-dist/fonts/type1/public/amsfonts/cm/cmsy7.pfb></usr/share/texlive/texmf-dist/fonts/type1/public/amsfonts/symbols/msam10.pfb></usr/share/texlive/texmf-dist/fonts/type1/public/amsfonts/symbols/msbm10.pfb></usr/share/texlive/texmf-dist/fonts/type1/public/amsfonts/symbols/msbm7.pfb></usr/share/texmf/fonts/type1/public/cm-super/sfbx1000.pfb></usr/share/texmf/fonts/type1/public/cm-super/sfcc1000.pfb></usr/share/texmf/fonts/type1/public/cm-super/sfrm0700.pfb></usr/share/texmf/fonts/type1/public/cm-super/sfrm0800.pfb></usr/share/texmf/fonts/type1/public/cm-super/sfrm1000.pfb></usr/share/texmf/fonts/type1/public/cm-super/sfti1000.pfb></usr/share/texmf/fonts/type1/public/cm-super/sftt1000.pfb>
Output written on notes.pdf (46 pages, 1424819 bytes).
PDF statistics:
 685 PDF objects out of 1000 (max. 8388607)
 566 compressed objects within 6 object streams
 235 named destinations out of 1000 (max. 500000)
 205 words of extra memory for PDF output out of 10000 (max. 10000000)

